{"/Users/craigcurtis/demos/university-of-helsinki/full-stack-open-2022/client/src/App.tsx": {"path":"/Users/craigcurtis/demos/university-of-helsinki/full-stack-open-2022/client/src/App.tsx","statementMap":{"0":{"start":{"line":12,"column":12},"end":{"line":50,"column":1}},"1":{"start":{"line":13,"column":2},"end":{"line":49,"column":4}}},"fnMap":{"0":{"name":"(anonymous_0)","decl":{"start":{"line":12,"column":12},"end":{"line":12,"column":13}},"loc":{"start":{"line":12,"column":18},"end":{"line":50,"column":1}},"line":12}},"branchMap":{},"s":{"0":0,"1":0},"f":{"0":0},"b":{}}
,"/Users/craigcurtis/demos/university-of-helsinki/full-stack-open-2022/client/src/index.tsx": {"path":"/Users/craigcurtis/demos/university-of-helsinki/full-stack-open-2022/client/src/index.tsx","statementMap":{"0":{"start":{"line":7,"column":0},"end":{"line":7,"column":69}}},"fnMap":{},"branchMap":{},"s":{"0":0},"f":{},"b":{}}
,"/Users/craigcurtis/demos/university-of-helsinki/full-stack-open-2022/client/src/queryClient.ts": {"path":"/Users/craigcurtis/demos/university-of-helsinki/full-stack-open-2022/client/src/queryClient.ts","statementMap":{"0":{"start":{"line":3,"column":20},"end":{"line":3,"column":37}},"1":{"start":{"line":4,"column":0},"end":{"line":12,"column":3}}},"fnMap":{},"branchMap":{},"s":{"0":0,"1":0},"f":{},"b":{}}
,"/Users/craigcurtis/demos/university-of-helsinki/full-stack-open-2022/client/src/api/apiBaseUrl.ts": {"path":"/Users/craigcurtis/demos/university-of-helsinki/full-stack-open-2022/client/src/api/apiBaseUrl.ts","statementMap":{"0":{"start":{"line":5,"column":26},"end":{"line":5,"column":32}}},"fnMap":{},"branchMap":{},"s":{"0":0},"f":{},"b":{}}
,"/Users/craigcurtis/demos/university-of-helsinki/full-stack-open-2022/client/src/api/index.ts": {"path":"/Users/craigcurtis/demos/university-of-helsinki/full-stack-open-2022/client/src/api/index.ts","statementMap":{},"fnMap":{},"branchMap":{},"s":{},"f":{},"b":{}}
,"/Users/craigcurtis/demos/university-of-helsinki/full-stack-open-2022/client/src/auth/Auth.types.ts": {"path":"/Users/craigcurtis/demos/university-of-helsinki/full-stack-open-2022/client/src/auth/Auth.types.ts","statementMap":{},"fnMap":{},"branchMap":{},"s":{},"f":{},"b":{}}
,"/Users/craigcurtis/demos/university-of-helsinki/full-stack-open-2022/client/src/auth/index.ts": {"path":"/Users/craigcurtis/demos/university-of-helsinki/full-stack-open-2022/client/src/auth/index.ts","statementMap":{},"fnMap":{},"branchMap":{},"s":{},"f":{},"b":{}}
,"/Users/craigcurtis/demos/university-of-helsinki/full-stack-open-2022/client/src/auth/AuthProvider/AuthProvider.tsx": {"path":"/Users/craigcurtis/demos/university-of-helsinki/full-stack-open-2022/client/src/auth/AuthProvider/AuthProvider.tsx","statementMap":{"0":{"start":{"line":12,"column":28},"end":{"line":39,"column":1}},"1":{"start":{"line":13,"column":28},"end":{"line":13,"column":44}},"2":{"start":{"line":14,"column":33},"end":{"line":14,"column":61}},"3":{"start":{"line":16,"column":18},"end":{"line":32,"column":36}},"4":{"start":{"line":17,"column":20},"end":{"line":20,"column":5}},"5":{"start":{"line":18,"column":6},"end":{"line":18,"column":49}},"6":{"start":{"line":19,"column":6},"end":{"line":19,"column":29}},"7":{"start":{"line":22,"column":23},"end":{"line":26,"column":5}},"8":{"start":{"line":23,"column":6},"end":{"line":23,"column":39}},"9":{"start":{"line":24,"column":6},"end":{"line":24,"column":22}},"10":{"start":{"line":25,"column":6},"end":{"line":25,"column":16}},"11":{"start":{"line":28,"column":4},"end":{"line":31,"column":6}},"12":{"start":{"line":34,"column":2},"end":{"line":38,"column":4}}},"fnMap":{"0":{"name":"(anonymous_0)","decl":{"start":{"line":12,"column":28},"end":{"line":12,"column":29}},"loc":{"start":{"line":12,"column":65},"end":{"line":39,"column":1}},"line":12},"1":{"name":"(anonymous_1)","decl":{"start":{"line":16,"column":26},"end":{"line":16,"column":27}},"loc":{"start":{"line":16,"column":46},"end":{"line":32,"column":3}},"line":16},"2":{"name":"(anonymous_2)","decl":{"start":{"line":17,"column":20},"end":{"line":17,"column":21}},"loc":{"start":{"line":17,"column":48},"end":{"line":20,"column":5}},"line":17},"3":{"name":"(anonymous_3)","decl":{"start":{"line":22,"column":23},"end":{"line":22,"column":24}},"loc":{"start":{"line":22,"column":29},"end":{"line":26,"column":5}},"line":22}},"branchMap":{},"s":{"0":0,"1":0,"2":0,"3":0,"4":0,"5":0,"6":0,"7":0,"8":0,"9":0,"10":0,"11":0,"12":0},"f":{"0":0,"1":0,"2":0,"3":0},"b":{}}
,"/Users/craigcurtis/demos/university-of-helsinki/full-stack-open-2022/client/src/auth/AuthProvider/index.ts": {"path":"/Users/craigcurtis/demos/university-of-helsinki/full-stack-open-2022/client/src/auth/AuthProvider/index.ts","statementMap":{},"fnMap":{},"branchMap":{},"s":{},"f":{},"b":{}}
,"/Users/craigcurtis/demos/university-of-helsinki/full-stack-open-2022/client/src/auth/AuthProvider/context/UserContext.tsx": {"path":"/Users/craigcurtis/demos/university-of-helsinki/full-stack-open-2022/client/src/auth/AuthProvider/context/UserContext.tsx","statementMap":{"0":{"start":{"line":13,"column":27},"end":{"line":15,"column":1}},"1":{"start":{"line":16,"column":0},"end":{"line":16,"column":40}},"2":{"start":{"line":18,"column":30},"end":{"line":28,"column":1}},"3":{"start":{"line":19,"column":18},"end":{"line":19,"column":41}},"4":{"start":{"line":21,"column":2},"end":{"line":25,"column":3}},"5":{"start":{"line":22,"column":4},"end":{"line":24,"column":6}},"6":{"start":{"line":27,"column":2},"end":{"line":27,"column":17}}},"fnMap":{"0":{"name":"(anonymous_0)","decl":{"start":{"line":18,"column":30},"end":{"line":18,"column":31}},"loc":{"start":{"line":18,"column":72},"end":{"line":28,"column":1}},"line":18}},"branchMap":{"0":{"loc":{"start":{"line":21,"column":2},"end":{"line":25,"column":3}},"type":"if","locations":[{"start":{"line":21,"column":2},"end":{"line":25,"column":3}},{"start":{},"end":{}}],"line":21}},"s":{"0":0,"1":0,"2":0,"3":0,"4":0,"5":0,"6":0},"f":{"0":0},"b":{"0":[0,0]}}
,"/Users/craigcurtis/demos/university-of-helsinki/full-stack-open-2022/client/src/auth/AuthProvider/hooks/index.ts": {"path":"/Users/craigcurtis/demos/university-of-helsinki/full-stack-open-2022/client/src/auth/AuthProvider/hooks/index.ts","statementMap":{},"fnMap":{},"branchMap":{},"s":{},"f":{},"b":{}}
,"/Users/craigcurtis/demos/university-of-helsinki/full-stack-open-2022/client/src/auth/AuthProvider/hooks/useAuthReducer.ts": {"path":"/Users/craigcurtis/demos/university-of-helsinki/full-stack-open-2022/client/src/auth/AuthProvider/hooks/useAuthReducer.ts","statementMap":{"0":{"start":{"line":14,"column":39},"end":{"line":16,"column":1}},"1":{"start":{"line":18,"column":25},"end":{"line":22,"column":1}},"2":{"start":{"line":19,"column":2},"end":{"line":21,"column":4}},"3":{"start":{"line":25,"column":2},"end":{"line":35,"column":3}},"4":{"start":{"line":27,"column":6},"end":{"line":30,"column":8}},"5":{"start":{"line":32,"column":6},"end":{"line":32,"column":44}},"6":{"start":{"line":34,"column":6},"end":{"line":34,"column":19}},"7":{"start":{"line":39,"column":2},"end":{"line":39,"column":65}}},"fnMap":{"0":{"name":"(anonymous_0)","decl":{"start":{"line":18,"column":25},"end":{"line":18,"column":26}},"loc":{"start":{"line":18,"column":47},"end":{"line":22,"column":1}},"line":18},"1":{"name":"authReducer","decl":{"start":{"line":24,"column":9},"end":{"line":24,"column":20}},"loc":{"start":{"line":24,"column":67},"end":{"line":36,"column":1}},"line":24},"2":{"name":"useAuthReducer","decl":{"start":{"line":38,"column":16},"end":{"line":38,"column":30}},"loc":{"start":{"line":38,"column":33},"end":{"line":40,"column":1}},"line":38}},"branchMap":{"0":{"loc":{"start":{"line":25,"column":2},"end":{"line":35,"column":3}},"type":"switch","locations":[{"start":{"line":26,"column":4},"end":{"line":30,"column":8}},{"start":{"line":31,"column":4},"end":{"line":32,"column":44}},{"start":{"line":33,"column":4},"end":{"line":34,"column":19}}],"line":25}},"s":{"0":0,"1":0,"2":0,"3":0,"4":0,"5":0,"6":0,"7":0},"f":{"0":0,"1":0,"2":0},"b":{"0":[0,0,0]}}
,"/Users/craigcurtis/demos/university-of-helsinki/full-stack-open-2022/client/src/auth/AuthRoute/AuthRoute.tsx": {"path":"/Users/craigcurtis/demos/university-of-helsinki/full-stack-open-2022/client/src/auth/AuthRoute/AuthRoute.tsx","statementMap":{"0":{"start":{"line":12,"column":18},"end":{"line":45,"column":2}},"1":{"start":{"line":13,"column":19},"end":{"line":13,"column":32}},"2":{"start":{"line":14,"column":30},"end":{"line":14,"column":46}},"3":{"start":{"line":15,"column":21},"end":{"line":15,"column":49}},"4":{"start":{"line":16,"column":16},"end":{"line":16,"column":44}},"5":{"start":{"line":20,"column":46},"end":{"line":20,"column":68}},"6":{"start":{"line":22,"column":2},"end":{"line":28,"column":40}},"7":{"start":{"line":23,"column":4},"end":{"line":27,"column":5}},"8":{"start":{"line":24,"column":6},"end":{"line":26,"column":7}},"9":{"start":{"line":25,"column":8},"end":{"line":25,"column":30}},"10":{"start":{"line":30,"column":2},"end":{"line":35,"column":59}},"11":{"start":{"line":31,"column":4},"end":{"line":34,"column":5}},"12":{"start":{"line":32,"column":6},"end":{"line":32,"column":44}},"13":{"start":{"line":33,"column":6},"end":{"line":33,"column":28}},"14":{"start":{"line":37,"column":2},"end":{"line":42,"column":43}},"15":{"start":{"line":38,"column":4},"end":{"line":41,"column":5}},"16":{"start":{"line":39,"column":6},"end":{"line":39,"column":44}},"17":{"start":{"line":40,"column":6},"end":{"line":40,"column":28}},"18":{"start":{"line":44,"column":2},"end":{"line":44,"column":54}}},"fnMap":{"0":{"name":"(anonymous_0)","decl":{"start":{"line":12,"column":29},"end":{"line":12,"column":30}},"loc":{"start":{"line":12,"column":69},"end":{"line":45,"column":1}},"line":12},"1":{"name":"(anonymous_1)","decl":{"start":{"line":22,"column":12},"end":{"line":22,"column":13}},"loc":{"start":{"line":22,"column":18},"end":{"line":28,"column":3}},"line":22},"2":{"name":"(anonymous_2)","decl":{"start":{"line":30,"column":12},"end":{"line":30,"column":13}},"loc":{"start":{"line":30,"column":18},"end":{"line":35,"column":3}},"line":30},"3":{"name":"(anonymous_3)","decl":{"start":{"line":37,"column":12},"end":{"line":37,"column":13}},"loc":{"start":{"line":37,"column":18},"end":{"line":42,"column":3}},"line":37}},"branchMap":{"0":{"loc":{"start":{"line":16,"column":16},"end":{"line":16,"column":44}},"type":"binary-expr","locations":[{"start":{"line":16,"column":16},"end":{"line":16,"column":27}},{"start":{"line":16,"column":31},"end":{"line":16,"column":44}}],"line":16},"1":{"loc":{"start":{"line":23,"column":4},"end":{"line":27,"column":5}},"type":"if","locations":[{"start":{"line":23,"column":4},"end":{"line":27,"column":5}},{"start":{},"end":{}}],"line":23},"2":{"loc":{"start":{"line":23,"column":8},"end":{"line":23,"column":26}},"type":"binary-expr","locations":[{"start":{"line":23,"column":8},"end":{"line":23,"column":18}},{"start":{"line":23,"column":22},"end":{"line":23,"column":26}}],"line":23},"3":{"loc":{"start":{"line":24,"column":6},"end":{"line":26,"column":7}},"type":"if","locations":[{"start":{"line":24,"column":6},"end":{"line":26,"column":7}},{"start":{},"end":{}}],"line":24},"4":{"loc":{"start":{"line":31,"column":4},"end":{"line":34,"column":5}},"type":"if","locations":[{"start":{"line":31,"column":4},"end":{"line":34,"column":5}},{"start":{},"end":{}}],"line":31},"5":{"loc":{"start":{"line":31,"column":8},"end":{"line":31,"column":24}},"type":"binary-expr","locations":[{"start":{"line":31,"column":8},"end":{"line":31,"column":15}},{"start":{"line":31,"column":19},"end":{"line":31,"column":24}}],"line":31},"6":{"loc":{"start":{"line":38,"column":4},"end":{"line":41,"column":5}},"type":"if","locations":[{"start":{"line":38,"column":4},"end":{"line":41,"column":5}},{"start":{},"end":{}}],"line":38},"7":{"loc":{"start":{"line":38,"column":8},"end":{"line":38,"column":27}},"type":"binary-expr","locations":[{"start":{"line":38,"column":8},"end":{"line":38,"column":18}},{"start":{"line":38,"column":22},"end":{"line":38,"column":27}}],"line":38},"8":{"loc":{"start":{"line":44,"column":12},"end":{"line":44,"column":49}},"type":"binary-expr","locations":[{"start":{"line":44,"column":12},"end":{"line":44,"column":22}},{"start":{"line":44,"column":26},"end":{"line":44,"column":30}},{"start":{"line":44,"column":34},"end":{"line":44,"column":49}}],"line":44}},"s":{"0":0,"1":0,"2":0,"3":0,"4":0,"5":0,"6":0,"7":0,"8":0,"9":0,"10":0,"11":0,"12":0,"13":0,"14":0,"15":0,"16":0,"17":0,"18":0},"f":{"0":0,"1":0,"2":0,"3":0},"b":{"0":[0,0],"1":[0,0],"2":[0,0],"3":[0,0],"4":[0,0],"5":[0,0],"6":[0,0],"7":[0,0],"8":[0,0,0]}}
,"/Users/craigcurtis/demos/university-of-helsinki/full-stack-open-2022/client/src/auth/AuthRoute/index.ts": {"path":"/Users/craigcurtis/demos/university-of-helsinki/full-stack-open-2022/client/src/auth/AuthRoute/index.ts","statementMap":{},"fnMap":{},"branchMap":{},"s":{},"f":{},"b":{}}
,"/Users/craigcurtis/demos/university-of-helsinki/full-stack-open-2022/client/src/auth/hooks/index.ts": {"path":"/Users/craigcurtis/demos/university-of-helsinki/full-stack-open-2022/client/src/auth/hooks/index.ts","statementMap":{},"fnMap":{},"branchMap":{},"s":{},"f":{},"b":{}}
,"/Users/craigcurtis/demos/university-of-helsinki/full-stack-open-2022/client/src/auth/hooks/useAuthTokenConfig.ts": {"path":"/Users/craigcurtis/demos/university-of-helsinki/full-stack-open-2022/client/src/auth/hooks/useAuthTokenConfig.ts","statementMap":{"0":{"start":{"line":11,"column":34},"end":{"line":29,"column":1}},"1":{"start":{"line":12,"column":21},"end":{"line":12,"column":37}},"2":{"start":{"line":13,"column":21},"end":{"line":13,"column":49}},"3":{"start":{"line":14,"column":16},"end":{"line":14,"column":44}},"4":{"start":{"line":16,"column":17},"end":{"line":26,"column":3}},"5":{"start":{"line":18,"column":6},"end":{"line":24,"column":11}},"6":{"start":{"line":28,"column":2},"end":{"line":28,"column":16}}},"fnMap":{"0":{"name":"(anonymous_0)","decl":{"start":{"line":11,"column":34},"end":{"line":11,"column":35}},"loc":{"start":{"line":11,"column":40},"end":{"line":29,"column":1}},"line":11},"1":{"name":"(anonymous_1)","decl":{"start":{"line":17,"column":4},"end":{"line":17,"column":5}},"loc":{"start":{"line":18,"column":6},"end":{"line":24,"column":11}},"line":18}},"branchMap":{"0":{"loc":{"start":{"line":14,"column":16},"end":{"line":14,"column":44}},"type":"binary-expr","locations":[{"start":{"line":14,"column":16},"end":{"line":14,"column":27}},{"start":{"line":14,"column":31},"end":{"line":14,"column":44}}],"line":14},"1":{"loc":{"start":{"line":18,"column":6},"end":{"line":24,"column":11}},"type":"cond-expr","locations":[{"start":{"line":19,"column":10},"end":{"line":19,"column":19}},{"start":{"line":20,"column":10},"end":{"line":24,"column":11}}],"line":18}},"s":{"0":0,"1":0,"2":0,"3":0,"4":0,"5":0,"6":0},"f":{"0":0,"1":0},"b":{"0":[0,0],"1":[0,0]}}
,"/Users/craigcurtis/demos/university-of-helsinki/full-stack-open-2022/client/src/auth/hooks/useDeleteUserMutation.ts": {"path":"/Users/craigcurtis/demos/university-of-helsinki/full-stack-open-2022/client/src/auth/hooks/useDeleteUserMutation.ts","statementMap":{"0":{"start":{"line":15,"column":2},"end":{"line":19,"column":3}},"1":{"start":{"line":16,"column":4},"end":{"line":16,"column":46}},"2":{"start":{"line":18,"column":4},"end":{"line":18,"column":32}},"3":{"start":{"line":22,"column":19},"end":{"line":31,"column":1}},"4":{"start":{"line":29,"column":19},"end":{"line":29,"column":66}},"5":{"start":{"line":30,"column":2},"end":{"line":30,"column":23}},"6":{"start":{"line":41,"column":22},"end":{"line":41,"column":38}},"7":{"start":{"line":43,"column":2},"end":{"line":56,"column":5}},"8":{"start":{"line":46,"column":6},"end":{"line":46,"column":47}},"9":{"start":{"line":47,"column":6},"end":{"line":49,"column":7}},"10":{"start":{"line":48,"column":8},"end":{"line":48,"column":33}},"11":{"start":{"line":52,"column":6},"end":{"line":54,"column":7}},"12":{"start":{"line":53,"column":8},"end":{"line":53,"column":31}},"13":{"start":{"line":60,"column":2},"end":{"line":67,"column":5}},"14":{"start":{"line":62,"column":6},"end":{"line":62,"column":49}},"15":{"start":{"line":65,"column":6},"end":{"line":65,"column":64}}},"fnMap":{"0":{"name":"errorHandler","decl":{"start":{"line":14,"column":9},"end":{"line":14,"column":21}},"loc":{"start":{"line":14,"column":58},"end":{"line":20,"column":1}},"line":14},"1":{"name":"(anonymous_1)","decl":{"start":{"line":22,"column":19},"end":{"line":22,"column":20}},"loc":{"start":{"line":28,"column":6},"end":{"line":31,"column":1}},"line":28},"2":{"name":"useUserMutation","decl":{"start":{"line":33,"column":9},"end":{"line":33,"column":24}},"loc":{"start":{"line":40,"column":2},"end":{"line":57,"column":1}},"line":40},"3":{"name":"(anonymous_3)","decl":{"start":{"line":45,"column":15},"end":{"line":45,"column":16}},"loc":{"start":{"line":45,"column":34},"end":{"line":50,"column":5}},"line":45},"4":{"name":"(anonymous_4)","decl":{"start":{"line":51,"column":13},"end":{"line":51,"column":14}},"loc":{"start":{"line":51,"column":32},"end":{"line":55,"column":5}},"line":51},"5":{"name":"useDeleteUserMutation","decl":{"start":{"line":59,"column":16},"end":{"line":59,"column":37}},"loc":{"start":{"line":59,"column":40},"end":{"line":68,"column":1}},"line":59},"6":{"name":"(anonymous_6)","decl":{"start":{"line":61,"column":15},"end":{"line":61,"column":16}},"loc":{"start":{"line":61,"column":36},"end":{"line":63,"column":5}},"line":61},"7":{"name":"(anonymous_7)","decl":{"start":{"line":64,"column":13},"end":{"line":64,"column":14}},"loc":{"start":{"line":64,"column":43},"end":{"line":66,"column":5}},"line":64}},"branchMap":{"0":{"loc":{"start":{"line":15,"column":2},"end":{"line":19,"column":3}},"type":"if","locations":[{"start":{"line":15,"column":2},"end":{"line":19,"column":3}},{"start":{"line":17,"column":9},"end":{"line":19,"column":3}}],"line":15},"1":{"loc":{"start":{"line":35,"column":2},"end":{"line":39,"column":49}},"type":"default-arg","locations":[{"start":{"line":39,"column":47},"end":{"line":39,"column":49}}],"line":35},"2":{"loc":{"start":{"line":47,"column":6},"end":{"line":49,"column":7}},"type":"if","locations":[{"start":{"line":47,"column":6},"end":{"line":49,"column":7}},{"start":{},"end":{}}],"line":47},"3":{"loc":{"start":{"line":52,"column":6},"end":{"line":54,"column":7}},"type":"if","locations":[{"start":{"line":52,"column":6},"end":{"line":54,"column":7}},{"start":{},"end":{}}],"line":52}},"s":{"0":0,"1":0,"2":0,"3":0,"4":0,"5":0,"6":0,"7":0,"8":0,"9":0,"10":0,"11":0,"12":0,"13":0,"14":0,"15":0},"f":{"0":0,"1":0,"2":0,"3":0,"4":0,"5":0,"6":0,"7":0},"b":{"0":[0,0],"1":[0],"2":[0,0],"3":[0,0]}}
,"/Users/craigcurtis/demos/university-of-helsinki/full-stack-open-2022/client/src/auth/hooks/useLocalStorageCurrentUser.ts": {"path":"/Users/craigcurtis/demos/university-of-helsinki/full-stack-open-2022/client/src/auth/hooks/useLocalStorageCurrentUser.ts","statementMap":{"0":{"start":{"line":4,"column":27},"end":{"line":4,"column":58}},"1":{"start":{"line":6,"column":42},"end":{"line":23,"column":1}},"2":{"start":{"line":11,"column":30},"end":{"line":11,"column":64}},"3":{"start":{"line":14,"column":18},"end":{"line":16,"column":3}},"4":{"start":{"line":15,"column":4},"end":{"line":15,"column":48}},"5":{"start":{"line":18,"column":2},"end":{"line":22,"column":4}},"6":{"start":{"line":25,"column":46},"end":{"line":28,"column":1}},"7":{"start":{"line":26,"column":17},"end":{"line":26,"column":49}},"8":{"start":{"line":27,"column":2},"end":{"line":27,"column":16}}},"fnMap":{"0":{"name":"(anonymous_0)","decl":{"start":{"line":6,"column":42},"end":{"line":6,"column":43}},"loc":{"start":{"line":10,"column":5},"end":{"line":23,"column":1}},"line":10},"1":{"name":"(anonymous_1)","decl":{"start":{"line":14,"column":18},"end":{"line":14,"column":19}},"loc":{"start":{"line":14,"column":24},"end":{"line":16,"column":3}},"line":14},"2":{"name":"(anonymous_2)","decl":{"start":{"line":25,"column":46},"end":{"line":25,"column":47}},"loc":{"start":{"line":25,"column":52},"end":{"line":28,"column":1}},"line":25}},"branchMap":{},"s":{"0":0,"1":0,"2":0,"3":0,"4":0,"5":0,"6":0,"7":0,"8":0},"f":{"0":0,"1":0,"2":0},"b":{}}
,"/Users/craigcurtis/demos/university-of-helsinki/full-stack-open-2022/client/src/auth/hooks/useLoginUserMutation.ts": {"path":"/Users/craigcurtis/demos/university-of-helsinki/full-stack-open-2022/client/src/auth/hooks/useLoginUserMutation.ts","statementMap":{"0":{"start":{"line":17,"column":2},"end":{"line":21,"column":3}},"1":{"start":{"line":18,"column":4},"end":{"line":18,"column":46}},"2":{"start":{"line":20,"column":4},"end":{"line":20,"column":32}},"3":{"start":{"line":24,"column":22},"end":{"line":28,"column":1}},"4":{"start":{"line":25,"column":19},"end":{"line":25,"column":67}},"5":{"start":{"line":27,"column":2},"end":{"line":27,"column":23}},"6":{"start":{"line":38,"column":22},"end":{"line":38,"column":38}},"7":{"start":{"line":40,"column":2},"end":{"line":53,"column":5}},"8":{"start":{"line":43,"column":6},"end":{"line":43,"column":51}},"9":{"start":{"line":44,"column":6},"end":{"line":46,"column":7}},"10":{"start":{"line":45,"column":8},"end":{"line":45,"column":33}},"11":{"start":{"line":49,"column":6},"end":{"line":51,"column":7}},"12":{"start":{"line":50,"column":8},"end":{"line":50,"column":31}},"13":{"start":{"line":57,"column":2},"end":{"line":64,"column":5}},"14":{"start":{"line":59,"column":6},"end":{"line":59,"column":56}},"15":{"start":{"line":62,"column":6},"end":{"line":62,"column":67}}},"fnMap":{"0":{"name":"errorHandler","decl":{"start":{"line":16,"column":9},"end":{"line":16,"column":21}},"loc":{"start":{"line":16,"column":58},"end":{"line":22,"column":1}},"line":16},"1":{"name":"(anonymous_1)","decl":{"start":{"line":24,"column":22},"end":{"line":24,"column":23}},"loc":{"start":{"line":24,"column":53},"end":{"line":28,"column":1}},"line":24},"2":{"name":"useUserMutation","decl":{"start":{"line":30,"column":9},"end":{"line":30,"column":24}},"loc":{"start":{"line":37,"column":2},"end":{"line":54,"column":1}},"line":37},"3":{"name":"(anonymous_3)","decl":{"start":{"line":42,"column":15},"end":{"line":42,"column":16}},"loc":{"start":{"line":42,"column":34},"end":{"line":47,"column":5}},"line":42},"4":{"name":"(anonymous_4)","decl":{"start":{"line":48,"column":13},"end":{"line":48,"column":14}},"loc":{"start":{"line":48,"column":32},"end":{"line":52,"column":5}},"line":48},"5":{"name":"useLoginUserMutation","decl":{"start":{"line":56,"column":16},"end":{"line":56,"column":36}},"loc":{"start":{"line":56,"column":39},"end":{"line":65,"column":1}},"line":56},"6":{"name":"(anonymous_6)","decl":{"start":{"line":58,"column":15},"end":{"line":58,"column":16}},"loc":{"start":{"line":58,"column":28},"end":{"line":60,"column":5}},"line":58},"7":{"name":"(anonymous_7)","decl":{"start":{"line":61,"column":13},"end":{"line":61,"column":14}},"loc":{"start":{"line":61,"column":35},"end":{"line":63,"column":5}},"line":61}},"branchMap":{"0":{"loc":{"start":{"line":17,"column":2},"end":{"line":21,"column":3}},"type":"if","locations":[{"start":{"line":17,"column":2},"end":{"line":21,"column":3}},{"start":{"line":19,"column":9},"end":{"line":21,"column":3}}],"line":17},"1":{"loc":{"start":{"line":32,"column":2},"end":{"line":36,"column":49}},"type":"default-arg","locations":[{"start":{"line":36,"column":47},"end":{"line":36,"column":49}}],"line":32},"2":{"loc":{"start":{"line":44,"column":6},"end":{"line":46,"column":7}},"type":"if","locations":[{"start":{"line":44,"column":6},"end":{"line":46,"column":7}},{"start":{},"end":{}}],"line":44},"3":{"loc":{"start":{"line":49,"column":6},"end":{"line":51,"column":7}},"type":"if","locations":[{"start":{"line":49,"column":6},"end":{"line":51,"column":7}},{"start":{},"end":{}}],"line":49}},"s":{"0":0,"1":0,"2":0,"3":0,"4":0,"5":0,"6":0,"7":0,"8":0,"9":0,"10":0,"11":0,"12":0,"13":0,"14":0,"15":0},"f":{"0":0,"1":0,"2":0,"3":0,"4":0,"5":0,"6":0,"7":0},"b":{"0":[0,0],"1":[0],"2":[0,0],"3":[0,0]}}
,"/Users/craigcurtis/demos/university-of-helsinki/full-stack-open-2022/client/src/auth/hooks/useLogout.ts": {"path":"/Users/craigcurtis/demos/university-of-helsinki/full-stack-open-2022/client/src/auth/hooks/useLogout.ts","statementMap":{"0":{"start":{"line":8,"column":25},"end":{"line":27,"column":1}},"1":{"start":{"line":9,"column":22},"end":{"line":9,"column":38}},"2":{"start":{"line":10,"column":22},"end":{"line":10,"column":38}},"3":{"start":{"line":12,"column":19},"end":{"line":12,"column":32}},"4":{"start":{"line":14,"column":17},"end":{"line":24,"column":38}},"5":{"start":{"line":16,"column":4},"end":{"line":16,"column":25}},"6":{"start":{"line":18,"column":4},"end":{"line":18,"column":40}},"7":{"start":{"line":21,"column":4},"end":{"line":21,"column":32}},"8":{"start":{"line":23,"column":4},"end":{"line":23,"column":23}},"9":{"start":{"line":26,"column":2},"end":{"line":26,"column":16}}},"fnMap":{"0":{"name":"(anonymous_0)","decl":{"start":{"line":8,"column":25},"end":{"line":8,"column":26}},"loc":{"start":{"line":8,"column":31},"end":{"line":27,"column":1}},"line":8},"1":{"name":"(anonymous_1)","decl":{"start":{"line":14,"column":29},"end":{"line":14,"column":30}},"loc":{"start":{"line":14,"column":35},"end":{"line":24,"column":3}},"line":14}},"branchMap":{},"s":{"0":0,"1":0,"2":0,"3":0,"4":0,"5":0,"6":0,"7":0,"8":0,"9":0},"f":{"0":0,"1":0},"b":{}}
,"/Users/craigcurtis/demos/university-of-helsinki/full-stack-open-2022/client/src/auth/hooks/useRefreshTokenQuery.ts": {"path":"/Users/craigcurtis/demos/university-of-helsinki/full-stack-open-2022/client/src/auth/hooks/useRefreshTokenQuery.ts","statementMap":{"0":{"start":{"line":7,"column":24},"end":{"line":7,"column":42}},"1":{"start":{"line":9,"column":24},"end":{"line":19,"column":1}},"2":{"start":{"line":10,"column":2},"end":{"line":10,"column":22}},"3":{"start":{"line":10,"column":15},"end":{"line":10,"column":22}},"4":{"start":{"line":12,"column":2},"end":{"line":18,"column":3}},"5":{"start":{"line":13,"column":21},"end":{"line":13,"column":67}},"6":{"start":{"line":14,"column":4},"end":{"line":14,"column":25}},"7":{"start":{"line":17,"column":4},"end":{"line":17,"column":16}},"8":{"start":{"line":21,"column":36},"end":{"line":30,"column":1}},"9":{"start":{"line":22,"column":17},"end":{"line":22,"column":37}},"10":{"start":{"line":24,"column":58},"end":{"line":27,"column":3}},"11":{"start":{"line":26,"column":10},"end":{"line":26,"column":33}},"12":{"start":{"line":29,"column":2},"end":{"line":29,"column":70}}},"fnMap":{"0":{"name":"(anonymous_0)","decl":{"start":{"line":9,"column":24},"end":{"line":9,"column":25}},"loc":{"start":{"line":9,"column":59},"end":{"line":19,"column":1}},"line":9},"1":{"name":"(anonymous_1)","decl":{"start":{"line":21,"column":36},"end":{"line":21,"column":37}},"loc":{"start":{"line":21,"column":42},"end":{"line":30,"column":1}},"line":21},"2":{"name":"(anonymous_2)","decl":{"start":{"line":26,"column":4},"end":{"line":26,"column":5}},"loc":{"start":{"line":26,"column":10},"end":{"line":26,"column":33}},"line":26}},"branchMap":{"0":{"loc":{"start":{"line":10,"column":2},"end":{"line":10,"column":22}},"type":"if","locations":[{"start":{"line":10,"column":2},"end":{"line":10,"column":22}},{"start":{},"end":{}}],"line":10},"1":{"loc":{"start":{"line":29,"column":28},"end":{"line":29,"column":51}},"type":"binary-expr","locations":[{"start":{"line":29,"column":28},"end":{"line":29,"column":37}},{"start":{"line":29,"column":41},"end":{"line":29,"column":51}}],"line":29}},"s":{"0":0,"1":0,"2":0,"3":0,"4":0,"5":0,"6":0,"7":0,"8":0,"9":0,"10":0,"11":0,"12":0},"f":{"0":0,"1":0,"2":0},"b":{"0":[0,0],"1":[0,0]}}
,"/Users/craigcurtis/demos/university-of-helsinki/full-stack-open-2022/client/src/auth/hooks/useUserMutation.ts": {"path":"/Users/craigcurtis/demos/university-of-helsinki/full-stack-open-2022/client/src/auth/hooks/useUserMutation.ts","statementMap":{"0":{"start":{"line":17,"column":2},"end":{"line":21,"column":3}},"1":{"start":{"line":18,"column":4},"end":{"line":18,"column":46}},"2":{"start":{"line":20,"column":4},"end":{"line":20,"column":32}},"3":{"start":{"line":24,"column":23},"end":{"line":28,"column":1}},"4":{"start":{"line":25,"column":19},"end":{"line":25,"column":67}},"5":{"start":{"line":27,"column":2},"end":{"line":27,"column":23}},"6":{"start":{"line":38,"column":22},"end":{"line":38,"column":38}},"7":{"start":{"line":40,"column":2},"end":{"line":53,"column":5}},"8":{"start":{"line":43,"column":6},"end":{"line":43,"column":51}},"9":{"start":{"line":44,"column":6},"end":{"line":46,"column":7}},"10":{"start":{"line":45,"column":8},"end":{"line":45,"column":33}},"11":{"start":{"line":49,"column":6},"end":{"line":51,"column":7}},"12":{"start":{"line":50,"column":8},"end":{"line":50,"column":31}},"13":{"start":{"line":57,"column":2},"end":{"line":64,"column":5}},"14":{"start":{"line":59,"column":6},"end":{"line":59,"column":54}},"15":{"start":{"line":62,"column":6},"end":{"line":62,"column":69}}},"fnMap":{"0":{"name":"errorHandler","decl":{"start":{"line":16,"column":9},"end":{"line":16,"column":21}},"loc":{"start":{"line":16,"column":58},"end":{"line":22,"column":1}},"line":16},"1":{"name":"(anonymous_1)","decl":{"start":{"line":24,"column":23},"end":{"line":24,"column":24}},"loc":{"start":{"line":24,"column":55},"end":{"line":28,"column":1}},"line":24},"2":{"name":"useUserMutation","decl":{"start":{"line":30,"column":9},"end":{"line":30,"column":24}},"loc":{"start":{"line":37,"column":2},"end":{"line":54,"column":1}},"line":37},"3":{"name":"(anonymous_3)","decl":{"start":{"line":42,"column":15},"end":{"line":42,"column":16}},"loc":{"start":{"line":42,"column":34},"end":{"line":47,"column":5}},"line":42},"4":{"name":"(anonymous_4)","decl":{"start":{"line":48,"column":13},"end":{"line":48,"column":14}},"loc":{"start":{"line":48,"column":32},"end":{"line":52,"column":5}},"line":48},"5":{"name":"useSignupUserMutation","decl":{"start":{"line":56,"column":16},"end":{"line":56,"column":37}},"loc":{"start":{"line":56,"column":40},"end":{"line":65,"column":1}},"line":56},"6":{"name":"(anonymous_6)","decl":{"start":{"line":58,"column":15},"end":{"line":58,"column":16}},"loc":{"start":{"line":58,"column":28},"end":{"line":60,"column":5}},"line":58},"7":{"name":"(anonymous_7)","decl":{"start":{"line":61,"column":13},"end":{"line":61,"column":14}},"loc":{"start":{"line":61,"column":35},"end":{"line":63,"column":5}},"line":61}},"branchMap":{"0":{"loc":{"start":{"line":17,"column":2},"end":{"line":21,"column":3}},"type":"if","locations":[{"start":{"line":17,"column":2},"end":{"line":21,"column":3}},{"start":{"line":19,"column":9},"end":{"line":21,"column":3}}],"line":17},"1":{"loc":{"start":{"line":32,"column":2},"end":{"line":36,"column":49}},"type":"default-arg","locations":[{"start":{"line":36,"column":47},"end":{"line":36,"column":49}}],"line":32},"2":{"loc":{"start":{"line":44,"column":6},"end":{"line":46,"column":7}},"type":"if","locations":[{"start":{"line":44,"column":6},"end":{"line":46,"column":7}},{"start":{},"end":{}}],"line":44},"3":{"loc":{"start":{"line":49,"column":6},"end":{"line":51,"column":7}},"type":"if","locations":[{"start":{"line":49,"column":6},"end":{"line":51,"column":7}},{"start":{},"end":{}}],"line":49}},"s":{"0":0,"1":0,"2":0,"3":0,"4":0,"5":0,"6":0,"7":0,"8":0,"9":0,"10":0,"11":0,"12":0,"13":0,"14":0,"15":0},"f":{"0":0,"1":0,"2":0,"3":0,"4":0,"5":0,"6":0,"7":0},"b":{"0":[0,0],"1":[0],"2":[0,0],"3":[0,0]}}
,"/Users/craigcurtis/demos/university-of-helsinki/full-stack-open-2022/client/src/components/index.ts": {"path":"/Users/craigcurtis/demos/university-of-helsinki/full-stack-open-2022/client/src/components/index.ts","statementMap":{},"fnMap":{},"branchMap":{},"s":{},"f":{},"b":{}}
,"/Users/craigcurtis/demos/university-of-helsinki/full-stack-open-2022/client/src/components/Anecdotes/Anecdote.styled.tsx": {"path":"/Users/craigcurtis/demos/university-of-helsinki/full-stack-open-2022/client/src/components/Anecdotes/Anecdote.styled.tsx","statementMap":{"0":{"start":{"line":4,"column":25},"end":{"line":7,"column":1}},"1":{"start":{"line":9,"column":29},"end":{"line":20,"column":1}}},"fnMap":{},"branchMap":{},"s":{"0":0,"1":0},"f":{},"b":{}}
,"/Users/craigcurtis/demos/university-of-helsinki/full-stack-open-2022/client/src/components/Anecdotes/Anecdote.tsx": {"path":"/Users/craigcurtis/demos/university-of-helsinki/full-stack-open-2022/client/src/components/Anecdotes/Anecdote.tsx","statementMap":{"0":{"start":{"line":13,"column":17},"end":{"line":29,"column":1}},"1":{"start":{"line":19,"column":2},"end":{"line":28,"column":4}}},"fnMap":{"0":{"name":"(anonymous_0)","decl":{"start":{"line":13,"column":17},"end":{"line":13,"column":18}},"loc":{"start":{"line":18,"column":21},"end":{"line":29,"column":1}},"line":18}},"branchMap":{"0":{"loc":{"start":{"line":23,"column":19},"end":{"line":23,"column":47}},"type":"binary-expr","locations":[{"start":{"line":23,"column":19},"end":{"line":23,"column":38}},{"start":{"line":23,"column":42},"end":{"line":23,"column":47}}],"line":23}},"s":{"0":0,"1":0},"f":{"0":0},"b":{"0":[0,0]}}
,"/Users/craigcurtis/demos/university-of-helsinki/full-stack-open-2022/client/src/components/Anecdotes/AnecdoteDisplay.tsx": {"path":"/Users/craigcurtis/demos/university-of-helsinki/full-stack-open-2022/client/src/components/Anecdotes/AnecdoteDisplay.tsx","statementMap":{"0":{"start":{"line":8,"column":24},"end":{"line":15,"column":1}},"1":{"start":{"line":9,"column":2},"end":{"line":14,"column":4}}},"fnMap":{"0":{"name":"(anonymous_0)","decl":{"start":{"line":8,"column":24},"end":{"line":8,"column":25}},"loc":{"start":{"line":8,"column":71},"end":{"line":15,"column":1}},"line":8}},"branchMap":{},"s":{"0":0,"1":0},"f":{"0":0},"b":{}}
,"/Users/craigcurtis/demos/university-of-helsinki/full-stack-open-2022/client/src/components/Anecdotes/Anecdotes.tsx": {"path":"/Users/craigcurtis/demos/university-of-helsinki/full-stack-open-2022/client/src/components/Anecdotes/Anecdotes.tsx","statementMap":{"0":{"start":{"line":6,"column":26},"end":{"line":14,"column":1}},"1":{"start":{"line":22,"column":18},"end":{"line":97,"column":1}},"2":{"start":{"line":23,"column":44},"end":{"line":25,"column":3}},"3":{"start":{"line":24,"column":4},"end":{"line":24,"column":56}},"4":{"start":{"line":26,"column":30},"end":{"line":34,"column":3}},"5":{"start":{"line":28,"column":6},"end":{"line":32,"column":9}},"6":{"start":{"line":28,"column":50},"end":{"line":32,"column":7}},"7":{"start":{"line":35,"column":36},"end":{"line":35,"column":76}},"8":{"start":{"line":37,"column":22},"end":{"line":50,"column":17}},"9":{"start":{"line":38,"column":19},"end":{"line":38,"column":21}},"10":{"start":{"line":39,"column":18},"end":{"line":41,"column":28}},"11":{"start":{"line":40,"column":25},"end":{"line":40,"column":39}},"12":{"start":{"line":41,"column":22},"end":{"line":41,"column":27}},"13":{"start":{"line":42,"column":4},"end":{"line":46,"column":5}},"14":{"start":{"line":42,"column":17},"end":{"line":42,"column":18}},"15":{"start":{"line":43,"column":6},"end":{"line":45,"column":7}},"16":{"start":{"line":44,"column":8},"end":{"line":44,"column":36}},"17":{"start":{"line":48,"column":4},"end":{"line":48,"column":46}},"18":{"start":{"line":48,"column":29},"end":{"line":48,"column":46}},"19":{"start":{"line":49,"column":4},"end":{"line":49,"column":23}},"20":{"start":{"line":52,"column":26},"end":{"line":55,"column":5}},"21":{"start":{"line":53,"column":4},"end":{"line":55,"column":5}},"22":{"start":{"line":54,"column":6},"end":{"line":54,"column":60}},"23":{"start":{"line":57,"column":26},"end":{"line":71,"column":3}},"24":{"start":{"line":58,"column":4},"end":{"line":70,"column":7}},"25":{"start":{"line":59,"column":23},"end":{"line":68,"column":8}},"26":{"start":{"line":60,"column":8},"end":{"line":66,"column":9}},"27":{"start":{"line":61,"column":10},"end":{"line":65,"column":12}},"28":{"start":{"line":67,"column":8},"end":{"line":67,"column":17}},"29":{"start":{"line":69,"column":6},"end":{"line":69,"column":22}},"30":{"start":{"line":73,"column":2},"end":{"line":96,"column":4}},"31":{"start":{"line":84,"column":34},"end":{"line":84,"column":67}}},"fnMap":{"0":{"name":"(anonymous_0)","decl":{"start":{"line":22,"column":18},"end":{"line":22,"column":19}},"loc":{"start":{"line":22,"column":24},"end":{"line":97,"column":1}},"line":22},"1":{"name":"(anonymous_1)","decl":{"start":{"line":23,"column":61},"end":{"line":23,"column":62}},"loc":{"start":{"line":24,"column":4},"end":{"line":24,"column":56}},"line":24},"2":{"name":"(anonymous_2)","decl":{"start":{"line":27,"column":4},"end":{"line":27,"column":5}},"loc":{"start":{"line":28,"column":6},"end":{"line":32,"column":9}},"line":28},"3":{"name":"(anonymous_3)","decl":{"start":{"line":28,"column":28},"end":{"line":28,"column":29}},"loc":{"start":{"line":28,"column":50},"end":{"line":32,"column":7}},"line":28},"4":{"name":"(anonymous_4)","decl":{"start":{"line":37,"column":30},"end":{"line":37,"column":31}},"loc":{"start":{"line":37,"column":36},"end":{"line":50,"column":3}},"line":37},"5":{"name":"(anonymous_5)","decl":{"start":{"line":40,"column":11},"end":{"line":40,"column":12}},"loc":{"start":{"line":40,"column":25},"end":{"line":40,"column":39}},"line":40},"6":{"name":"(anonymous_6)","decl":{"start":{"line":41,"column":12},"end":{"line":41,"column":13}},"loc":{"start":{"line":41,"column":22},"end":{"line":41,"column":27}},"line":41},"7":{"name":"(anonymous_7)","decl":{"start":{"line":52,"column":26},"end":{"line":52,"column":27}},"loc":{"start":{"line":53,"column":4},"end":{"line":55,"column":5}},"line":53},"8":{"name":"(anonymous_8)","decl":{"start":{"line":53,"column":21},"end":{"line":53,"column":22}},"loc":{"start":{"line":54,"column":6},"end":{"line":54,"column":60}},"line":54},"9":{"name":"(anonymous_9)","decl":{"start":{"line":57,"column":26},"end":{"line":57,"column":27}},"loc":{"start":{"line":57,"column":32},"end":{"line":71,"column":3}},"line":57},"10":{"name":"(anonymous_10)","decl":{"start":{"line":58,"column":17},"end":{"line":58,"column":18}},"loc":{"start":{"line":58,"column":36},"end":{"line":70,"column":5}},"line":58},"11":{"name":"(anonymous_11)","decl":{"start":{"line":59,"column":41},"end":{"line":59,"column":42}},"loc":{"start":{"line":59,"column":48},"end":{"line":68,"column":7}},"line":59},"12":{"name":"(anonymous_12)","decl":{"start":{"line":84,"column":27},"end":{"line":84,"column":28}},"loc":{"start":{"line":84,"column":34},"end":{"line":84,"column":67}},"line":84}},"branchMap":{"0":{"loc":{"start":{"line":43,"column":6},"end":{"line":45,"column":7}},"type":"if","locations":[{"start":{"line":43,"column":6},"end":{"line":45,"column":7}},{"start":{},"end":{}}],"line":43},"1":{"loc":{"start":{"line":48,"column":4},"end":{"line":48,"column":46}},"type":"if","locations":[{"start":{"line":48,"column":4},"end":{"line":48,"column":46}},{"start":{},"end":{}}],"line":48},"2":{"loc":{"start":{"line":60,"column":8},"end":{"line":66,"column":9}},"type":"if","locations":[{"start":{"line":60,"column":8},"end":{"line":66,"column":9}},{"start":{},"end":{}}],"line":60},"3":{"loc":{"start":{"line":78,"column":7},"end":{"line":87,"column":7}},"type":"binary-expr","locations":[{"start":{"line":78,"column":7},"end":{"line":78,"column":29}},{"start":{"line":79,"column":8},"end":{"line":86,"column":10}}],"line":78},"4":{"loc":{"start":{"line":89,"column":7},"end":{"line":94,"column":7}},"type":"binary-expr","locations":[{"start":{"line":89,"column":7},"end":{"line":89,"column":32}},{"start":{"line":90,"column":8},"end":{"line":93,"column":10}}],"line":89}},"s":{"0":0,"1":0,"2":0,"3":0,"4":0,"5":0,"6":0,"7":0,"8":0,"9":0,"10":0,"11":0,"12":0,"13":0,"14":0,"15":0,"16":0,"17":0,"18":0,"19":0,"20":0,"21":0,"22":0,"23":0,"24":0,"25":0,"26":0,"27":0,"28":0,"29":0,"30":0,"31":0},"f":{"0":0,"1":0,"2":0,"3":0,"4":0,"5":0,"6":0,"7":0,"8":0,"9":0,"10":0,"11":0,"12":0},"b":{"0":[0,0],"1":[0,0],"2":[0,0],"3":[0,0],"4":[0,0]}}
,"/Users/craigcurtis/demos/university-of-helsinki/full-stack-open-2022/client/src/components/Anecdotes/NextAnecdoteButton.tsx": {"path":"/Users/craigcurtis/demos/university-of-helsinki/full-stack-open-2022/client/src/components/Anecdotes/NextAnecdoteButton.tsx","statementMap":{"0":{"start":{"line":8,"column":27},"end":{"line":12,"column":1}},"1":{"start":{"line":10,"column":4},"end":{"line":10,"column":60}}},"fnMap":{"0":{"name":"(anonymous_0)","decl":{"start":{"line":9,"column":2},"end":{"line":9,"column":3}},"loc":{"start":{"line":9,"column":44},"end":{"line":11,"column":3}},"line":9}},"branchMap":{},"s":{"0":0,"1":0},"f":{"0":0},"b":{}}
,"/Users/craigcurtis/demos/university-of-helsinki/full-stack-open-2022/client/src/components/Anecdotes/TopAnecdote.tsx": {"path":"/Users/craigcurtis/demos/university-of-helsinki/full-stack-open-2022/client/src/components/Anecdotes/TopAnecdote.tsx","statementMap":{"0":{"start":{"line":10,"column":20},"end":{"line":17,"column":1}},"1":{"start":{"line":11,"column":2},"end":{"line":16,"column":4}}},"fnMap":{"0":{"name":"(anonymous_0)","decl":{"start":{"line":10,"column":20},"end":{"line":10,"column":21}},"loc":{"start":{"line":10,"column":63},"end":{"line":17,"column":1}},"line":10}},"branchMap":{},"s":{"0":0,"1":0},"f":{"0":0},"b":{}}
,"/Users/craigcurtis/demos/university-of-helsinki/full-stack-open-2022/client/src/components/Anecdotes/index.ts": {"path":"/Users/craigcurtis/demos/university-of-helsinki/full-stack-open-2022/client/src/components/Anecdotes/index.ts","statementMap":{},"fnMap":{},"branchMap":{},"s":{},"f":{},"b":{}}
,"/Users/craigcurtis/demos/university-of-helsinki/full-stack-open-2022/client/src/components/Blogs/AddBlogForm.tsx": {"path":"/Users/craigcurtis/demos/university-of-helsinki/full-stack-open-2022/client/src/components/Blogs/AddBlogForm.tsx","statementMap":{"0":{"start":{"line":12,"column":20},"end":{"line":53,"column":1}},"1":{"start":{"line":13,"column":23},"end":{"line":15,"column":3}},"2":{"start":{"line":14,"column":4},"end":{"line":14,"column":21}},"3":{"start":{"line":17,"column":2},"end":{"line":52,"column":4}}},"fnMap":{"0":{"name":"(anonymous_0)","decl":{"start":{"line":12,"column":20},"end":{"line":12,"column":21}},"loc":{"start":{"line":12,"column":66},"end":{"line":53,"column":1}},"line":12},"1":{"name":"(anonymous_1)","decl":{"start":{"line":13,"column":23},"end":{"line":13,"column":24}},"loc":{"start":{"line":13,"column":51},"end":{"line":15,"column":3}},"line":13}},"branchMap":{},"s":{"0":0,"1":0,"2":0,"3":0},"f":{"0":0,"1":0},"b":{}}
,"/Users/craigcurtis/demos/university-of-helsinki/full-stack-open-2022/client/src/components/Blogs/Blog.types.ts": {"path":"/Users/craigcurtis/demos/university-of-helsinki/full-stack-open-2022/client/src/components/Blogs/Blog.types.ts","statementMap":{},"fnMap":{},"branchMap":{},"s":{},"f":{},"b":{}}
,"/Users/craigcurtis/demos/university-of-helsinki/full-stack-open-2022/client/src/components/Blogs/BlogItem.styled.tsx": {"path":"/Users/craigcurtis/demos/university-of-helsinki/full-stack-open-2022/client/src/components/Blogs/BlogItem.styled.tsx","statementMap":{"0":{"start":{"line":4,"column":24},"end":{"line":8,"column":1}},"1":{"start":{"line":10,"column":24},"end":{"line":10,"column":38}},"2":{"start":{"line":11,"column":25},"end":{"line":11,"column":43}},"3":{"start":{"line":13,"column":27},"end":{"line":13,"column":40}},"4":{"start":{"line":15,"column":31},"end":{"line":15,"column":44}},"5":{"start":{"line":17,"column":28},"end":{"line":20,"column":1}},"6":{"start":{"line":22,"column":26},"end":{"line":27,"column":1}}},"fnMap":{},"branchMap":{},"s":{"0":1,"1":1,"2":1,"3":1,"4":1,"5":1,"6":1},"f":{},"b":{},"_coverageSchema":"1a1c01bbd47fc00a2c39e90264f33305004495a9","hash":"f59c96314a9decc7217f5fe8641ea2ec884e92fb"}
,"/Users/craigcurtis/demos/university-of-helsinki/full-stack-open-2022/client/src/components/Blogs/BlogItem.tsx": {"path":"/Users/craigcurtis/demos/university-of-helsinki/full-stack-open-2022/client/src/components/Blogs/BlogItem.tsx","statementMap":{"0":{"start":{"line":12,"column":17},"end":{"line":80,"column":1}},"1":{"start":{"line":13,"column":44},"end":{"line":13,"column":59}},"2":{"start":{"line":15,"column":25},"end":{"line":17,"column":3}},"3":{"start":{"line":16,"column":4},"end":{"line":16,"column":19}},"4":{"start":{"line":19,"column":25},"end":{"line":19,"column":52}},"5":{"start":{"line":21,"column":23},"end":{"line":23,"column":3}},"6":{"start":{"line":22,"column":4},"end":{"line":22,"column":17}},"7":{"start":{"line":25,"column":2},"end":{"line":79,"column":4}},"8":{"start":{"line":66,"column":33},"end":{"line":66,"column":66}},"9":{"start":{"line":66,"column":60},"end":{"line":66,"column":65}}},"fnMap":{"0":{"name":"(anonymous_0)","decl":{"start":{"line":12,"column":17},"end":{"line":12,"column":18}},"loc":{"start":{"line":12,"column":79},"end":{"line":80,"column":1}},"line":12},"1":{"name":"(anonymous_1)","decl":{"start":{"line":15,"column":25},"end":{"line":15,"column":26}},"loc":{"start":{"line":15,"column":31},"end":{"line":17,"column":3}},"line":15},"2":{"name":"(anonymous_2)","decl":{"start":{"line":21,"column":23},"end":{"line":21,"column":24}},"loc":{"start":{"line":21,"column":29},"end":{"line":23,"column":3}},"line":21},"3":{"name":"(anonymous_3)","decl":{"start":{"line":66,"column":27},"end":{"line":66,"column":28}},"loc":{"start":{"line":66,"column":33},"end":{"line":66,"column":66}},"line":66},"4":{"name":"(anonymous_4)","decl":{"start":{"line":66,"column":50},"end":{"line":66,"column":51}},"loc":{"start":{"line":66,"column":60},"end":{"line":66,"column":65}},"line":66}},"branchMap":{"0":{"loc":{"start":{"line":33,"column":11},"end":{"line":61,"column":11}},"type":"binary-expr","locations":[{"start":{"line":33,"column":11},"end":{"line":33,"column":24}},{"start":{"line":34,"column":12},"end":{"line":60,"column":15}}],"line":33},"1":{"loc":{"start":{"line":43,"column":19},"end":{"line":47,"column":19}},"type":"binary-expr","locations":[{"start":{"line":43,"column":19},"end":{"line":43,"column":33}},{"start":{"line":44,"column":20},"end":{"line":46,"column":40}}],"line":43},"2":{"loc":{"start":{"line":67,"column":13},"end":{"line":67,"column":44}},"type":"cond-expr","locations":[{"start":{"line":67,"column":29},"end":{"line":67,"column":35}},{"start":{"line":67,"column":38},"end":{"line":67,"column":44}}],"line":67},"3":{"loc":{"start":{"line":70,"column":9},"end":{"line":76,"column":9}},"type":"binary-expr","locations":[{"start":{"line":70,"column":9},"end":{"line":70,"column":36}},{"start":{"line":71,"column":10},"end":{"line":75,"column":35}}],"line":70}},"s":{"0":1,"1":6,"2":6,"3":1,"4":6,"5":6,"6":1,"7":6,"8":3,"9":3},"f":{"0":6,"1":1,"2":1,"3":3,"4":3},"b":{"0":[6,3],"1":[3,1],"2":[3,3],"3":[6,4]},"_coverageSchema":"1a1c01bbd47fc00a2c39e90264f33305004495a9","hash":"6b17f905ddc07a1c01b0e0b120aa9e4275623bc1"}
,"/Users/craigcurtis/demos/university-of-helsinki/full-stack-open-2022/client/src/components/Blogs/Blogs.tsx": {"path":"/Users/craigcurtis/demos/university-of-helsinki/full-stack-open-2022/client/src/components/Blogs/Blogs.tsx","statementMap":{"0":{"start":{"line":30,"column":14},"end":{"line":145,"column":1}},"1":{"start":{"line":31,"column":34},"end":{"line":31,"column":59}},"2":{"start":{"line":37,"column":6},"end":{"line":37,"column":21}},"3":{"start":{"line":39,"column":4},"end":{"line":39,"column":24}},"4":{"start":{"line":41,"column":4},"end":{"line":41,"column":27}},"5":{"start":{"line":43,"column":4},"end":{"line":43,"column":27}},"6":{"start":{"line":46,"column":4},"end":{"line":46,"column":71}},"7":{"start":{"line":47,"column":21},"end":{"line":47,"column":37}},"8":{"start":{"line":50,"column":23},"end":{"line":62,"column":3}},"9":{"start":{"line":52,"column":24},"end":{"line":54,"column":5}},"10":{"start":{"line":53,"column":13},"end":{"line":53,"column":70}},"11":{"start":{"line":56,"column":4},"end":{"line":58,"column":5}},"12":{"start":{"line":57,"column":6},"end":{"line":57,"column":52}},"13":{"start":{"line":60,"column":4},"end":{"line":60,"column":25}},"14":{"start":{"line":61,"column":4},"end":{"line":61,"column":50}},"15":{"start":{"line":65,"column":27},"end":{"line":67,"column":3}},"16":{"start":{"line":66,"column":4},"end":{"line":66,"column":34}},"17":{"start":{"line":69,"column":24},"end":{"line":71,"column":3}},"18":{"start":{"line":70,"column":4},"end":{"line":70,"column":46}},"19":{"start":{"line":73,"column":25},"end":{"line":79,"column":3}},"20":{"start":{"line":74,"column":20},"end":{"line":77,"column":5}},"21":{"start":{"line":78,"column":4},"end":{"line":78,"column":37}},"22":{"start":{"line":83,"column":24},"end":{"line":83,"column":43}},"23":{"start":{"line":85,"column":23},"end":{"line":87,"column":3}},"24":{"start":{"line":86,"column":4},"end":{"line":86,"column":61}},"25":{"start":{"line":86,"column":27},"end":{"line":86,"column":58}},"26":{"start":{"line":89,"column":22},"end":{"line":92,"column":23}},"27":{"start":{"line":90,"column":4},"end":{"line":90,"column":48}},"28":{"start":{"line":90,"column":38},"end":{"line":90,"column":48}},"29":{"start":{"line":91,"column":4},"end":{"line":91,"column":75}},"30":{"start":{"line":91,"column":33},"end":{"line":91,"column":72}},"31":{"start":{"line":95,"column":2},"end":{"line":144,"column":4}},"32":{"start":{"line":125,"column":18},"end":{"line":131,"column":20}}},"fnMap":{"0":{"name":"(anonymous_0)","decl":{"start":{"line":30,"column":14},"end":{"line":30,"column":15}},"loc":{"start":{"line":30,"column":20},"end":{"line":145,"column":1}},"line":30},"1":{"name":"(anonymous_1)","decl":{"start":{"line":50,"column":23},"end":{"line":50,"column":24}},"loc":{"start":{"line":50,"column":75},"end":{"line":62,"column":3}},"line":50},"2":{"name":"(anonymous_2)","decl":{"start":{"line":53,"column":6},"end":{"line":53,"column":7}},"loc":{"start":{"line":53,"column":13},"end":{"line":53,"column":70}},"line":53},"3":{"name":"(anonymous_3)","decl":{"start":{"line":65,"column":27},"end":{"line":65,"column":28}},"loc":{"start":{"line":65,"column":50},"end":{"line":67,"column":3}},"line":65},"4":{"name":"(anonymous_4)","decl":{"start":{"line":69,"column":24},"end":{"line":69,"column":25}},"loc":{"start":{"line":69,"column":55},"end":{"line":71,"column":3}},"line":69},"5":{"name":"(anonymous_5)","decl":{"start":{"line":73,"column":25},"end":{"line":73,"column":26}},"loc":{"start":{"line":73,"column":48},"end":{"line":79,"column":3}},"line":73},"6":{"name":"(anonymous_6)","decl":{"start":{"line":85,"column":23},"end":{"line":85,"column":24}},"loc":{"start":{"line":85,"column":29},"end":{"line":87,"column":3}},"line":85},"7":{"name":"(anonymous_7)","decl":{"start":{"line":86,"column":16},"end":{"line":86,"column":17}},"loc":{"start":{"line":86,"column":27},"end":{"line":86,"column":58}},"line":86},"8":{"name":"(anonymous_8)","decl":{"start":{"line":89,"column":30},"end":{"line":89,"column":31}},"loc":{"start":{"line":89,"column":36},"end":{"line":92,"column":3}},"line":89},"9":{"name":"(anonymous_9)","decl":{"start":{"line":91,"column":25},"end":{"line":91,"column":26}},"loc":{"start":{"line":91,"column":33},"end":{"line":91,"column":72}},"line":91},"10":{"name":"(anonymous_10)","decl":{"start":{"line":124,"column":33},"end":{"line":124,"column":34}},"loc":{"start":{"line":125,"column":18},"end":{"line":131,"column":20}},"line":125}},"branchMap":{"0":{"loc":{"start":{"line":33,"column":4},"end":{"line":33,"column":14}},"type":"default-arg","locations":[{"start":{"line":33,"column":12},"end":{"line":33,"column":14}}],"line":33},"1":{"loc":{"start":{"line":46,"column":4},"end":{"line":46,"column":71}},"type":"binary-expr","locations":[{"start":{"line":46,"column":4},"end":{"line":46,"column":16}},{"start":{"line":46,"column":20},"end":{"line":46,"column":33}},{"start":{"line":46,"column":37},"end":{"line":46,"column":52}},{"start":{"line":46,"column":56},"end":{"line":46,"column":71}}],"line":46},"2":{"loc":{"start":{"line":53,"column":13},"end":{"line":53,"column":70}},"type":"binary-expr","locations":[{"start":{"line":53,"column":13},"end":{"line":53,"column":30}},{"start":{"line":53,"column":34},"end":{"line":53,"column":53}},{"start":{"line":53,"column":57},"end":{"line":53,"column":70}}],"line":53},"3":{"loc":{"start":{"line":56,"column":4},"end":{"line":58,"column":5}},"type":"if","locations":[{"start":{"line":56,"column":4},"end":{"line":58,"column":5}},{"start":{},"end":{}}],"line":56},"4":{"loc":{"start":{"line":86,"column":27},"end":{"line":86,"column":58}},"type":"cond-expr","locations":[{"start":{"line":86,"column":44},"end":{"line":86,"column":50}},{"start":{"line":86,"column":53},"end":{"line":86,"column":58}}],"line":86},"5":{"loc":{"start":{"line":90,"column":4},"end":{"line":90,"column":48}},"type":"if","locations":[{"start":{"line":90,"column":4},"end":{"line":90,"column":48}},{"start":{},"end":{}}],"line":90},"6":{"loc":{"start":{"line":90,"column":8},"end":{"line":90,"column":36}},"type":"binary-expr","locations":[{"start":{"line":90,"column":8},"end":{"line":90,"column":14}},{"start":{"line":90,"column":18},"end":{"line":90,"column":36}}],"line":90},"7":{"loc":{"start":{"line":91,"column":33},"end":{"line":91,"column":72}},"type":"cond-expr","locations":[{"start":{"line":91,"column":54},"end":{"line":91,"column":61}},{"start":{"line":91,"column":64},"end":{"line":91,"column":72}}],"line":91},"8":{"loc":{"start":{"line":122,"column":13},"end":{"line":134,"column":13}},"type":"binary-expr","locations":[{"start":{"line":122,"column":13},"end":{"line":122,"column":24}},{"start":{"line":123,"column":14},"end":{"line":133,"column":21}}],"line":122},"9":{"loc":{"start":{"line":136,"column":13},"end":{"line":138,"column":13}},"type":"binary-expr","locations":[{"start":{"line":136,"column":13},"end":{"line":136,"column":18}},{"start":{"line":136,"column":22},"end":{"line":136,"column":29}},{"start":{"line":137,"column":14},"end":{"line":137,"column":63}}],"line":136}},"s":{"0":0,"1":0,"2":0,"3":0,"4":0,"5":0,"6":0,"7":0,"8":0,"9":0,"10":0,"11":0,"12":0,"13":0,"14":0,"15":0,"16":0,"17":0,"18":0,"19":0,"20":0,"21":0,"22":0,"23":0,"24":0,"25":0,"26":0,"27":0,"28":0,"29":0,"30":0,"31":0,"32":0},"f":{"0":0,"1":0,"2":0,"3":0,"4":0,"5":0,"6":0,"7":0,"8":0,"9":0,"10":0},"b":{"0":[0],"1":[0,0,0,0],"2":[0,0,0],"3":[0,0],"4":[0,0],"5":[0,0],"6":[0,0],"7":[0,0],"8":[0,0],"9":[0,0,0]}}
,"/Users/craigcurtis/demos/university-of-helsinki/full-stack-open-2022/client/src/components/Blogs/Togglable.tsx": {"path":"/Users/craigcurtis/demos/university-of-helsinki/full-stack-open-2022/client/src/components/Blogs/Togglable.tsx","statementMap":{"0":{"start":{"line":13,"column":18},"end":{"line":49,"column":1}},"1":{"start":{"line":24,"column":32},"end":{"line":24,"column":51}},"2":{"start":{"line":26,"column":25},"end":{"line":30,"column":5}},"3":{"start":{"line":27,"column":6},"end":{"line":29,"column":8}},"4":{"start":{"line":28,"column":8},"end":{"line":28,"column":74}},"5":{"start":{"line":32,"column":4},"end":{"line":35,"column":8}},"6":{"start":{"line":32,"column":36},"end":{"line":35,"column":5}},"7":{"start":{"line":37,"column":4},"end":{"line":47,"column":6}},"8":{"start":{"line":40,"column":33},"end":{"line":40,"column":47}}},"fnMap":{"0":{"name":"(anonymous_0)","decl":{"start":{"line":14,"column":2},"end":{"line":14,"column":3}},"loc":{"start":{"line":23,"column":7},"end":{"line":48,"column":3}},"line":23},"1":{"name":"(anonymous_1)","decl":{"start":{"line":26,"column":25},"end":{"line":26,"column":26}},"loc":{"start":{"line":26,"column":45},"end":{"line":30,"column":5}},"line":26},"2":{"name":"(anonymous_2)","decl":{"start":{"line":27,"column":16},"end":{"line":27,"column":17}},"loc":{"start":{"line":28,"column":8},"end":{"line":28,"column":74}},"line":28},"3":{"name":"(anonymous_3)","decl":{"start":{"line":32,"column":29},"end":{"line":32,"column":30}},"loc":{"start":{"line":32,"column":36},"end":{"line":35,"column":5}},"line":32},"4":{"name":"(anonymous_4)","decl":{"start":{"line":40,"column":27},"end":{"line":40,"column":28}},"loc":{"start":{"line":40,"column":33},"end":{"line":40,"column":47}},"line":40}},"branchMap":{"0":{"loc":{"start":{"line":16,"column":6},"end":{"line":16,"column":23}},"type":"default-arg","locations":[{"start":{"line":16,"column":18},"end":{"line":16,"column":23}}],"line":16},"1":{"loc":{"start":{"line":17,"column":6},"end":{"line":17,"column":23}},"type":"default-arg","locations":[{"start":{"line":17,"column":17},"end":{"line":17,"column":23}}],"line":17},"2":{"loc":{"start":{"line":18,"column":6},"end":{"line":18,"column":23}},"type":"default-arg","locations":[{"start":{"line":18,"column":17},"end":{"line":18,"column":23}}],"line":18},"3":{"loc":{"start":{"line":19,"column":6},"end":{"line":19,"column":12}},"type":"default-arg","locations":[{"start":{"line":19,"column":11},"end":{"line":19,"column":12}}],"line":19},"4":{"loc":{"start":{"line":28,"column":8},"end":{"line":28,"column":74}},"type":"cond-expr","locations":[{"start":{"line":28,"column":58},"end":{"line":28,"column":62}},{"start":{"line":28,"column":65},"end":{"line":28,"column":74}}],"line":28},"5":{"loc":{"start":{"line":28,"column":8},"end":{"line":28,"column":55}},"type":"binary-expr","locations":[{"start":{"line":28,"column":8},"end":{"line":28,"column":26}},{"start":{"line":28,"column":30},"end":{"line":28,"column":55}}],"line":28},"6":{"loc":{"start":{"line":41,"column":13},"end":{"line":41,"column":41}},"type":"cond-expr","locations":[{"start":{"line":41,"column":22},"end":{"line":41,"column":30}},{"start":{"line":41,"column":33},"end":{"line":41,"column":41}}],"line":41},"7":{"loc":{"start":{"line":45,"column":9},"end":{"line":45,"column":27}},"type":"binary-expr","locations":[{"start":{"line":45,"column":9},"end":{"line":45,"column":15}},{"start":{"line":45,"column":19},"end":{"line":45,"column":27}}],"line":45}},"s":{"0":1,"1":4,"2":4,"3":2,"4":2,"5":4,"6":0,"7":4,"8":2},"f":{"0":4,"1":2,"2":2,"3":0,"4":2},"b":{"0":[2],"1":[2],"2":[2],"3":[4],"4":[0,2],"5":[2,0],"6":[2,2],"7":[4,2]},"_coverageSchema":"1a1c01bbd47fc00a2c39e90264f33305004495a9","hash":"c780ed8a7825294ba4910f910fbca304222cd9fd"}
,"/Users/craigcurtis/demos/university-of-helsinki/full-stack-open-2022/client/src/components/Blogs/index.ts": {"path":"/Users/craigcurtis/demos/university-of-helsinki/full-stack-open-2022/client/src/components/Blogs/index.ts","statementMap":{},"fnMap":{},"branchMap":{},"s":{},"f":{},"b":{}}
,"/Users/craigcurtis/demos/university-of-helsinki/full-stack-open-2022/client/src/components/Blogs/hooks/index.ts": {"path":"/Users/craigcurtis/demos/university-of-helsinki/full-stack-open-2022/client/src/components/Blogs/hooks/index.ts","statementMap":{},"fnMap":{},"branchMap":{},"s":{},"f":{},"b":{}}
,"/Users/craigcurtis/demos/university-of-helsinki/full-stack-open-2022/client/src/components/Blogs/hooks/useBlogsMutations.ts": {"path":"/Users/craigcurtis/demos/university-of-helsinki/full-stack-open-2022/client/src/components/Blogs/hooks/useBlogsMutations.ts","statementMap":{"0":{"start":{"line":16,"column":2},"end":{"line":20,"column":3}},"1":{"start":{"line":17,"column":4},"end":{"line":17,"column":46}},"2":{"start":{"line":19,"column":4},"end":{"line":19,"column":32}},"3":{"start":{"line":25,"column":2},"end":{"line":28,"column":3}},"4":{"start":{"line":25,"column":31},"end":{"line":28,"column":3}},"5":{"start":{"line":26,"column":21},"end":{"line":26,"column":77}},"6":{"start":{"line":27,"column":4},"end":{"line":27,"column":20}},"7":{"start":{"line":31,"column":2},"end":{"line":41,"column":3}},"8":{"start":{"line":32,"column":2},"end":{"line":41,"column":3}},"9":{"start":{"line":33,"column":50},"end":{"line":33,"column":64}},"10":{"start":{"line":35,"column":21},"end":{"line":39,"column":5}},"11":{"start":{"line":40,"column":4},"end":{"line":40,"column":20}},"12":{"start":{"line":43,"column":19},"end":{"line":46,"column":1}},"13":{"start":{"line":43,"column":48},"end":{"line":46,"column":1}},"14":{"start":{"line":44,"column":19},"end":{"line":44,"column":79}},"15":{"start":{"line":45,"column":2},"end":{"line":45,"column":18}},"16":{"start":{"line":56,"column":22},"end":{"line":56,"column":38}},"17":{"start":{"line":57,"column":17},"end":{"line":57,"column":37}},"18":{"start":{"line":59,"column":2},"end":{"line":72,"column":5}},"19":{"start":{"line":62,"column":6},"end":{"line":62,"column":51}},"20":{"start":{"line":63,"column":6},"end":{"line":65,"column":7}},"21":{"start":{"line":64,"column":8},"end":{"line":64,"column":33}},"22":{"start":{"line":68,"column":6},"end":{"line":70,"column":7}},"23":{"start":{"line":69,"column":8},"end":{"line":69,"column":31}},"24":{"start":{"line":76,"column":2},"end":{"line":83,"column":5}},"25":{"start":{"line":78,"column":6},"end":{"line":78,"column":49}},"26":{"start":{"line":81,"column":6},"end":{"line":81,"column":64}},"27":{"start":{"line":87,"column":2},"end":{"line":94,"column":5}},"28":{"start":{"line":89,"column":6},"end":{"line":89,"column":51}},"29":{"start":{"line":92,"column":6},"end":{"line":92,"column":66}},"30":{"start":{"line":98,"column":2},"end":{"line":105,"column":5}},"31":{"start":{"line":100,"column":6},"end":{"line":100,"column":51}},"32":{"start":{"line":103,"column":6},"end":{"line":103,"column":66}}},"fnMap":{"0":{"name":"errorHandler","decl":{"start":{"line":15,"column":9},"end":{"line":15,"column":21}},"loc":{"start":{"line":15,"column":58},"end":{"line":21,"column":1}},"line":15},"1":{"name":"(anonymous_1)","decl":{"start":{"line":25,"column":2},"end":{"line":25,"column":3}},"loc":{"start":{"line":25,"column":31},"end":{"line":28,"column":3}},"line":25},"2":{"name":"(anonymous_2)","decl":{"start":{"line":25,"column":31},"end":{"line":25,"column":32}},"loc":{"start":{"line":25,"column":68},"end":{"line":28,"column":3}},"line":25},"3":{"name":"(anonymous_3)","decl":{"start":{"line":31,"column":2},"end":{"line":31,"column":3}},"loc":{"start":{"line":32,"column":2},"end":{"line":41,"column":3}},"line":32},"4":{"name":"(anonymous_4)","decl":{"start":{"line":32,"column":2},"end":{"line":32,"column":3}},"loc":{"start":{"line":32,"column":47},"end":{"line":41,"column":3}},"line":32},"5":{"name":"(anonymous_5)","decl":{"start":{"line":43,"column":19},"end":{"line":43,"column":20}},"loc":{"start":{"line":43,"column":48},"end":{"line":46,"column":1}},"line":43},"6":{"name":"(anonymous_6)","decl":{"start":{"line":43,"column":48},"end":{"line":43,"column":49}},"loc":{"start":{"line":43,"column":71},"end":{"line":46,"column":1}},"line":43},"7":{"name":"useBlogsMutation","decl":{"start":{"line":48,"column":9},"end":{"line":48,"column":25}},"loc":{"start":{"line":55,"column":2},"end":{"line":73,"column":1}},"line":55},"8":{"name":"(anonymous_8)","decl":{"start":{"line":61,"column":15},"end":{"line":61,"column":16}},"loc":{"start":{"line":61,"column":34},"end":{"line":66,"column":5}},"line":61},"9":{"name":"(anonymous_9)","decl":{"start":{"line":67,"column":13},"end":{"line":67,"column":14}},"loc":{"start":{"line":67,"column":32},"end":{"line":71,"column":5}},"line":67},"10":{"name":"useAddBlogMutation","decl":{"start":{"line":75,"column":16},"end":{"line":75,"column":34}},"loc":{"start":{"line":75,"column":37},"end":{"line":84,"column":1}},"line":75},"11":{"name":"(anonymous_11)","decl":{"start":{"line":77,"column":15},"end":{"line":77,"column":16}},"loc":{"start":{"line":77,"column":28},"end":{"line":79,"column":5}},"line":77},"12":{"name":"(anonymous_12)","decl":{"start":{"line":80,"column":13},"end":{"line":80,"column":14}},"loc":{"start":{"line":80,"column":35},"end":{"line":82,"column":5}},"line":80},"13":{"name":"useUpdateBlogMutation","decl":{"start":{"line":86,"column":16},"end":{"line":86,"column":37}},"loc":{"start":{"line":86,"column":40},"end":{"line":95,"column":1}},"line":86},"14":{"name":"(anonymous_14)","decl":{"start":{"line":88,"column":15},"end":{"line":88,"column":16}},"loc":{"start":{"line":88,"column":28},"end":{"line":90,"column":5}},"line":88},"15":{"name":"(anonymous_15)","decl":{"start":{"line":91,"column":13},"end":{"line":91,"column":14}},"loc":{"start":{"line":91,"column":30},"end":{"line":93,"column":5}},"line":91},"16":{"name":"useDeleteBlogMutation","decl":{"start":{"line":97,"column":16},"end":{"line":97,"column":37}},"loc":{"start":{"line":97,"column":40},"end":{"line":106,"column":1}},"line":97},"17":{"name":"(anonymous_17)","decl":{"start":{"line":99,"column":15},"end":{"line":99,"column":16}},"loc":{"start":{"line":99,"column":28},"end":{"line":101,"column":5}},"line":99},"18":{"name":"(anonymous_18)","decl":{"start":{"line":102,"column":13},"end":{"line":102,"column":14}},"loc":{"start":{"line":102,"column":30},"end":{"line":104,"column":5}},"line":102}},"branchMap":{"0":{"loc":{"start":{"line":16,"column":2},"end":{"line":20,"column":3}},"type":"if","locations":[{"start":{"line":16,"column":2},"end":{"line":20,"column":3}},{"start":{"line":18,"column":9},"end":{"line":20,"column":3}}],"line":16},"1":{"loc":{"start":{"line":50,"column":2},"end":{"line":54,"column":49}},"type":"default-arg","locations":[{"start":{"line":54,"column":47},"end":{"line":54,"column":49}}],"line":50},"2":{"loc":{"start":{"line":63,"column":6},"end":{"line":65,"column":7}},"type":"if","locations":[{"start":{"line":63,"column":6},"end":{"line":65,"column":7}},{"start":{},"end":{}}],"line":63},"3":{"loc":{"start":{"line":68,"column":6},"end":{"line":70,"column":7}},"type":"if","locations":[{"start":{"line":68,"column":6},"end":{"line":70,"column":7}},{"start":{},"end":{}}],"line":68}},"s":{"0":0,"1":0,"2":0,"3":0,"4":0,"5":0,"6":0,"7":0,"8":0,"9":0,"10":0,"11":0,"12":0,"13":0,"14":0,"15":0,"16":0,"17":0,"18":0,"19":0,"20":0,"21":0,"22":0,"23":0,"24":0,"25":0,"26":0,"27":0,"28":0,"29":0,"30":0,"31":0,"32":0},"f":{"0":0,"1":0,"2":0,"3":0,"4":0,"5":0,"6":0,"7":0,"8":0,"9":0,"10":0,"11":0,"12":0,"13":0,"14":0,"15":0,"16":0,"17":0,"18":0},"b":{"0":[0,0],"1":[0],"2":[0,0],"3":[0,0]}}
,"/Users/craigcurtis/demos/university-of-helsinki/full-stack-open-2022/client/src/components/Blogs/hooks/useBlogsQuery.ts": {"path":"/Users/craigcurtis/demos/university-of-helsinki/full-stack-open-2022/client/src/components/Blogs/hooks/useBlogsQuery.ts","statementMap":{"0":{"start":{"line":7,"column":24},"end":{"line":7,"column":31}},"1":{"start":{"line":9,"column":17},"end":{"line":17,"column":1}},"2":{"start":{"line":10,"column":2},"end":{"line":16,"column":3}},"3":{"start":{"line":11,"column":21},"end":{"line":11,"column":59}},"4":{"start":{"line":12,"column":4},"end":{"line":12,"column":25}},"5":{"start":{"line":15,"column":4},"end":{"line":15,"column":16}},"6":{"start":{"line":19,"column":29},"end":{"line":25,"column":1}},"7":{"start":{"line":20,"column":58},"end":{"line":23,"column":23}},"8":{"start":{"line":24,"column":2},"end":{"line":24,"column":77}}},"fnMap":{"0":{"name":"(anonymous_0)","decl":{"start":{"line":9,"column":17},"end":{"line":9,"column":18}},"loc":{"start":{"line":9,"column":29},"end":{"line":17,"column":1}},"line":9},"1":{"name":"(anonymous_1)","decl":{"start":{"line":19,"column":29},"end":{"line":19,"column":30}},"loc":{"start":{"line":19,"column":35},"end":{"line":25,"column":1}},"line":19}},"branchMap":{"0":{"loc":{"start":{"line":24,"column":35},"end":{"line":24,"column":58}},"type":"binary-expr","locations":[{"start":{"line":24,"column":35},"end":{"line":24,"column":44}},{"start":{"line":24,"column":48},"end":{"line":24,"column":58}}],"line":24}},"s":{"0":0,"1":0,"2":0,"3":0,"4":0,"5":0,"6":0,"7":0,"8":0},"f":{"0":0,"1":0},"b":{"0":[0,0]}}
,"/Users/craigcurtis/demos/university-of-helsinki/full-stack-open-2022/client/src/components/CountrySearch/Country.types.ts": {"path":"/Users/craigcurtis/demos/university-of-helsinki/full-stack-open-2022/client/src/components/CountrySearch/Country.types.ts","statementMap":{},"fnMap":{},"branchMap":{},"s":{},"f":{},"b":{}}
,"/Users/craigcurtis/demos/university-of-helsinki/full-stack-open-2022/client/src/components/CountrySearch/CountrySearch.tsx": {"path":"/Users/craigcurtis/demos/university-of-helsinki/full-stack-open-2022/client/src/components/CountrySearch/CountrySearch.tsx","statementMap":{"0":{"start":{"line":8,"column":22},"end":{"line":35,"column":1}},"1":{"start":{"line":9,"column":30},"end":{"line":9,"column":50}},"2":{"start":{"line":11,"column":57},"end":{"line":11,"column":74}},"3":{"start":{"line":13,"column":29},"end":{"line":15,"column":3}},"4":{"start":{"line":14,"column":4},"end":{"line":14,"column":31}},"5":{"start":{"line":14,"column":20},"end":{"line":14,"column":29}},"6":{"start":{"line":17,"column":2},"end":{"line":34,"column":4}},"7":{"start":{"line":24,"column":25},"end":{"line":24,"column":38}}},"fnMap":{"0":{"name":"(anonymous_0)","decl":{"start":{"line":8,"column":22},"end":{"line":8,"column":23}},"loc":{"start":{"line":8,"column":28},"end":{"line":35,"column":1}},"line":8},"1":{"name":"(anonymous_1)","decl":{"start":{"line":13,"column":29},"end":{"line":13,"column":30}},"loc":{"start":{"line":13,"column":52},"end":{"line":15,"column":3}},"line":13},"2":{"name":"(anonymous_2)","decl":{"start":{"line":14,"column":14},"end":{"line":14,"column":15}},"loc":{"start":{"line":14,"column":20},"end":{"line":14,"column":29}},"line":14},"3":{"name":"(anonymous_3)","decl":{"start":{"line":24,"column":19},"end":{"line":24,"column":20}},"loc":{"start":{"line":24,"column":25},"end":{"line":24,"column":38}},"line":24}},"branchMap":{"0":{"loc":{"start":{"line":29,"column":9},"end":{"line":29,"column":32}},"type":"binary-expr","locations":[{"start":{"line":29,"column":9},"end":{"line":29,"column":18}},{"start":{"line":29,"column":22},"end":{"line":29,"column":32}}],"line":29},"1":{"loc":{"start":{"line":30,"column":9},"end":{"line":30,"column":78}},"type":"binary-expr","locations":[{"start":{"line":30,"column":9},"end":{"line":30,"column":16}},{"start":{"line":30,"column":20},"end":{"line":30,"column":25}},{"start":{"line":30,"column":29},"end":{"line":30,"column":78}}],"line":30},"2":{"loc":{"start":{"line":31,"column":9},"end":{"line":31,"column":73}},"type":"binary-expr","locations":[{"start":{"line":31,"column":9},"end":{"line":31,"column":18}},{"start":{"line":31,"column":22},"end":{"line":31,"column":73}}],"line":31}},"s":{"0":0,"1":0,"2":0,"3":0,"4":0,"5":0,"6":0,"7":0},"f":{"0":0,"1":0,"2":0,"3":0},"b":{"0":[0,0],"1":[0,0,0],"2":[0,0]}}
,"/Users/craigcurtis/demos/university-of-helsinki/full-stack-open-2022/client/src/components/CountrySearch/Weather.types.ts": {"path":"/Users/craigcurtis/demos/university-of-helsinki/full-stack-open-2022/client/src/components/CountrySearch/Weather.types.ts","statementMap":{},"fnMap":{},"branchMap":{},"s":{},"f":{},"b":{}}
,"/Users/craigcurtis/demos/university-of-helsinki/full-stack-open-2022/client/src/components/CountrySearch/index.ts": {"path":"/Users/craigcurtis/demos/university-of-helsinki/full-stack-open-2022/client/src/components/CountrySearch/index.ts","statementMap":{},"fnMap":{},"branchMap":{},"s":{},"f":{},"b":{}}
,"/Users/craigcurtis/demos/university-of-helsinki/full-stack-open-2022/client/src/components/CountrySearch/CapitalWeather/CapitalWeather.styled.tsx": {"path":"/Users/craigcurtis/demos/university-of-helsinki/full-stack-open-2022/client/src/components/CountrySearch/CapitalWeather/CapitalWeather.styled.tsx","statementMap":{"0":{"start":{"line":4,"column":30},"end":{"line":11,"column":1}},"1":{"start":{"line":13,"column":28},"end":{"line":18,"column":1}}},"fnMap":{},"branchMap":{},"s":{"0":0,"1":0},"f":{},"b":{}}
,"/Users/craigcurtis/demos/university-of-helsinki/full-stack-open-2022/client/src/components/CountrySearch/CapitalWeather/CapitalWeather.tsx": {"path":"/Users/craigcurtis/demos/university-of-helsinki/full-stack-open-2022/client/src/components/CountrySearch/CapitalWeather/CapitalWeather.tsx","statementMap":{"0":{"start":{"line":11,"column":23},"end":{"line":62,"column":1}},"1":{"start":{"line":12,"column":46},"end":{"line":16,"column":3}},"2":{"start":{"line":17,"column":19},"end":{"line":23,"column":3}},"3":{"start":{"line":19,"column":6},"end":{"line":21,"column":14}},"4":{"start":{"line":25,"column":2},"end":{"line":25,"column":40}},"5":{"start":{"line":27,"column":33},"end":{"line":31,"column":3}},"6":{"start":{"line":28,"column":24},"end":{"line":28,"column":30}},"7":{"start":{"line":30,"column":4},"end":{"line":30,"column":44}},"8":{"start":{"line":33,"column":2},"end":{"line":61,"column":4}}},"fnMap":{"0":{"name":"(anonymous_0)","decl":{"start":{"line":11,"column":23},"end":{"line":11,"column":24}},"loc":{"start":{"line":11,"column":70},"end":{"line":62,"column":1}},"line":11},"1":{"name":"(anonymous_1)","decl":{"start":{"line":18,"column":4},"end":{"line":18,"column":5}},"loc":{"start":{"line":19,"column":6},"end":{"line":21,"column":14}},"line":19},"2":{"name":"(anonymous_2)","decl":{"start":{"line":27,"column":33},"end":{"line":27,"column":34}},"loc":{"start":{"line":27,"column":57},"end":{"line":31,"column":3}},"line":27}},"branchMap":{"0":{"loc":{"start":{"line":19,"column":6},"end":{"line":21,"column":14}},"type":"cond-expr","locations":[{"start":{"line":20,"column":10},"end":{"line":20,"column":78}},{"start":{"line":21,"column":10},"end":{"line":21,"column":14}}],"line":19},"1":{"loc":{"start":{"line":27,"column":34},"end":{"line":27,"column":52}},"type":"default-arg","locations":[{"start":{"line":27,"column":51},"end":{"line":27,"column":52}}],"line":27},"2":{"loc":{"start":{"line":36,"column":7},"end":{"line":36,"column":30}},"type":"binary-expr","locations":[{"start":{"line":36,"column":7},"end":{"line":36,"column":16}},{"start":{"line":36,"column":20},"end":{"line":36,"column":30}}],"line":36},"3":{"loc":{"start":{"line":37,"column":7},"end":{"line":37,"column":76}},"type":"binary-expr","locations":[{"start":{"line":37,"column":7},"end":{"line":37,"column":14}},{"start":{"line":37,"column":18},"end":{"line":37,"column":23}},{"start":{"line":37,"column":27},"end":{"line":37,"column":76}}],"line":37},"4":{"loc":{"start":{"line":48,"column":9},"end":{"line":55,"column":9}},"type":"binary-expr","locations":[{"start":{"line":48,"column":9},"end":{"line":48,"column":17}},{"start":{"line":49,"column":10},"end":{"line":54,"column":32}}],"line":48}},"s":{"0":0,"1":0,"2":0,"3":0,"4":0,"5":0,"6":0,"7":0,"8":0},"f":{"0":0,"1":0,"2":0},"b":{"0":[0,0],"1":[0],"2":[0,0],"3":[0,0,0],"4":[0,0]}}
,"/Users/craigcurtis/demos/university-of-helsinki/full-stack-open-2022/client/src/components/CountrySearch/CapitalWeather/index.ts": {"path":"/Users/craigcurtis/demos/university-of-helsinki/full-stack-open-2022/client/src/components/CountrySearch/CapitalWeather/index.ts","statementMap":{},"fnMap":{},"branchMap":{},"s":{},"f":{},"b":{}}
,"/Users/craigcurtis/demos/university-of-helsinki/full-stack-open-2022/client/src/components/CountrySearch/Countries/Countries.styled.tsx": {"path":"/Users/craigcurtis/demos/university-of-helsinki/full-stack-open-2022/client/src/components/CountrySearch/Countries/Countries.styled.tsx","statementMap":{"0":{"start":{"line":3,"column":25},"end":{"line":7,"column":1}}},"fnMap":{},"branchMap":{},"s":{"0":0},"f":{},"b":{}}
,"/Users/craigcurtis/demos/university-of-helsinki/full-stack-open-2022/client/src/components/CountrySearch/Countries/Countries.tsx": {"path":"/Users/craigcurtis/demos/university-of-helsinki/full-stack-open-2022/client/src/components/CountrySearch/Countries/Countries.tsx","statementMap":{"0":{"start":{"line":12,"column":18},"end":{"line":39,"column":1}},"1":{"start":{"line":13,"column":28},"end":{"line":21,"column":3}},"2":{"start":{"line":15,"column":6},"end":{"line":19,"column":11}},"3":{"start":{"line":18,"column":12},"end":{"line":18,"column":73}},"4":{"start":{"line":23,"column":2},"end":{"line":23,"column":42}},"5":{"start":{"line":23,"column":30},"end":{"line":23,"column":42}},"6":{"start":{"line":24,"column":2},"end":{"line":38,"column":4}},"7":{"start":{"line":30,"column":10},"end":{"line":34,"column":12}}},"fnMap":{"0":{"name":"(anonymous_0)","decl":{"start":{"line":12,"column":18},"end":{"line":12,"column":19}},"loc":{"start":{"line":12,"column":66},"end":{"line":39,"column":1}},"line":12},"1":{"name":"(anonymous_1)","decl":{"start":{"line":14,"column":4},"end":{"line":14,"column":5}},"loc":{"start":{"line":15,"column":6},"end":{"line":19,"column":11}},"line":15},"2":{"name":"(anonymous_2)","decl":{"start":{"line":17,"column":27},"end":{"line":17,"column":28}},"loc":{"start":{"line":18,"column":12},"end":{"line":18,"column":73}},"line":18},"3":{"name":"(anonymous_3)","decl":{"start":{"line":29,"column":30},"end":{"line":29,"column":31}},"loc":{"start":{"line":30,"column":10},"end":{"line":34,"column":12}},"line":30}},"branchMap":{"0":{"loc":{"start":{"line":12,"column":21},"end":{"line":12,"column":35}},"type":"default-arg","locations":[{"start":{"line":12,"column":33},"end":{"line":12,"column":35}}],"line":12},"1":{"loc":{"start":{"line":15,"column":6},"end":{"line":19,"column":11}},"type":"cond-expr","locations":[{"start":{"line":16,"column":10},"end":{"line":16,"column":19}},{"start":{"line":17,"column":10},"end":{"line":19,"column":11}}],"line":15},"2":{"loc":{"start":{"line":23,"column":2},"end":{"line":23,"column":42}},"type":"if","locations":[{"start":{"line":23,"column":2},"end":{"line":23,"column":42}},{"start":{},"end":{}}],"line":23},"3":{"loc":{"start":{"line":26,"column":7},"end":{"line":36,"column":7}},"type":"cond-expr","locations":[{"start":{"line":27,"column":8},"end":{"line":27,"column":68}},{"start":{"line":29,"column":8},"end":{"line":35,"column":10}}],"line":26},"4":{"loc":{"start":{"line":26,"column":7},"end":{"line":26,"column":54}},"type":"binary-expr","locations":[{"start":{"line":26,"column":7},"end":{"line":26,"column":37}},{"start":{"line":26,"column":41},"end":{"line":26,"column":54}}],"line":26}},"s":{"0":0,"1":0,"2":0,"3":0,"4":0,"5":0,"6":0,"7":0},"f":{"0":0,"1":0,"2":0,"3":0},"b":{"0":[0],"1":[0,0],"2":[0,0],"3":[0,0],"4":[0,0]}}
,"/Users/craigcurtis/demos/university-of-helsinki/full-stack-open-2022/client/src/components/CountrySearch/Countries/index.ts": {"path":"/Users/craigcurtis/demos/university-of-helsinki/full-stack-open-2022/client/src/components/CountrySearch/Countries/index.ts","statementMap":{},"fnMap":{},"branchMap":{},"s":{},"f":{},"b":{}}
,"/Users/craigcurtis/demos/university-of-helsinki/full-stack-open-2022/client/src/components/CountrySearch/CountryDetail/CountryDetail.styled.tsx": {"path":"/Users/craigcurtis/demos/university-of-helsinki/full-stack-open-2022/client/src/components/CountrySearch/CountryDetail/CountryDetail.styled.tsx","statementMap":{"0":{"start":{"line":3,"column":29},"end":{"line":5,"column":1}},"1":{"start":{"line":7,"column":27},"end":{"line":9,"column":1}},"2":{"start":{"line":11,"column":26},"end":{"line":15,"column":1}},"3":{"start":{"line":17,"column":31},"end":{"line":19,"column":1}},"4":{"start":{"line":25,"column":20},"end":{"line":31,"column":1}},"5":{"start":{"line":27,"column":38},"end":{"line":27,"column":71}},"6":{"start":{"line":33,"column":0},"end":{"line":35,"column":2}},"7":{"start":{"line":37,"column":24},"end":{"line":40,"column":1}},"8":{"start":{"line":42,"column":18},"end":{"line":46,"column":1}},"9":{"start":{"line":47,"column":18},"end":{"line":50,"column":1}}},"fnMap":{"0":{"name":"(anonymous_0)","decl":{"start":{"line":27,"column":27},"end":{"line":27,"column":28}},"loc":{"start":{"line":27,"column":38},"end":{"line":27,"column":71}},"line":27}},"branchMap":{"0":{"loc":{"start":{"line":27,"column":48},"end":{"line":27,"column":63}},"type":"binary-expr","locations":[{"start":{"line":27,"column":48},"end":{"line":27,"column":58}},{"start":{"line":27,"column":62},"end":{"line":27,"column":63}}],"line":27}},"s":{"0":0,"1":0,"2":0,"3":0,"4":0,"5":0,"6":0,"7":0,"8":0,"9":0},"f":{"0":0},"b":{"0":[0,0]}}
[...]
,"/Users/craigcurtis/demos/university-of-helsinki/full-stack-open-2022/client/src/components/common/Overflow/Overflow.styled.tsx": {"path":"/Users/craigcurtis/demos/university-of-helsinki/full-stack-open-2022/client/src/components/common/Overflow/Overflow.styled.tsx","statementMap":{"0":{"start":{"line":3,"column":24},"end":{"line":6,"column":1}},"1":{"start":{"line":8,"column":28},"end":{"line":13,"column":1}}},"fnMap":{},"branchMap":{},"s":{"0":2,"1":2},"f":{},"b":{},"_coverageSchema":"1a1c01bbd47fc00a2c39e90264f33305004495a9","hash":"bc1f7c3a1aa0d52b77f172ac8cd1d7f1f2108c70"}
,"/Users/craigcurtis/demos/university-of-helsinki/full-stack-open-2022/client/src/components/common/Overflow/index.ts": {"path":"/Users/craigcurtis/demos/university-of-helsinki/full-stack-open-2022/client/src/components/common/Overflow/index.ts","statementMap":{},"fnMap":{},"branchMap":{},"s":{},"f":{},"b":{},"_coverageSchema":"1a1c01bbd47fc00a2c39e90264f33305004495a9","hash":"a60045915f1d5df1e27d290d5e42525dc9495d19"}
,"/Users/craigcurtis/demos/university-of-helsinki/full-stack-open-2022/client/src/components/common/SortByButton/SortByButton.tsx": {"path":"/Users/craigcurtis/demos/university-of-helsinki/full-stack-open-2022/client/src/components/common/SortByButton/SortByButton.tsx","statementMap":{"0":{"start":{"line":10,"column":21},"end":{"line":16,"column":1}},"1":{"start":{"line":11,"column":2},"end":{"line":15,"column":4}}},"fnMap":{"0":{"name":"(anonymous_0)","decl":{"start":{"line":10,"column":21},"end":{"line":10,"column":22}},"loc":{"start":{"line":10,"column":79},"end":{"line":16,"column":1}},"line":10}},"branchMap":{"0":{"loc":{"start":{"line":10,"column":24},"end":{"line":10,"column":38}},"type":"default-arg","locations":[{"start":{"line":10,"column":33},"end":{"line":10,"column":38}}],"line":10},"1":{"loc":{"start":{"line":13,"column":7},"end":{"line":13,"column":69}},"type":"cond-expr","locations":[{"start":{"line":13,"column":26},"end":{"line":13,"column":47}},{"start":{"line":13,"column":50},"end":{"line":13,"column":69}}],"line":13}},"s":{"0":2,"1":0},"f":{"0":0},"b":{"0":[0],"1":[0,0]},"_coverageSchema":"1a1c01bbd47fc00a2c39e90264f33305004495a9","hash":"e4f2de4da5fd9f273d9cfaeda04f9cbc5b8b9d4b"}
,"/Users/craigcurtis/demos/university-of-helsinki/full-stack-open-2022/client/src/components/common/SortByButton/index.ts": {"path":"/Users/craigcurtis/demos/university-of-helsinki/full-stack-open-2022/client/src/components/common/SortByButton/index.ts","statementMap":{},"fnMap":{},"branchMap":{},"s":{},"f":{},"b":{},"_coverageSchema":"1a1c01bbd47fc00a2c39e90264f33305004495a9","hash":"f5ae6f41153ada6e74a9ec09c85e04f224ef086d"}
,"/Users/craigcurtis/demos/university-of-helsinki/full-stack-open-2022/client/src/components/common/Spacer/Spacer.styled.tsx": {"path":"/Users/craigcurtis/demos/university-of-helsinki/full-stack-open-2022/client/src/components/common/Spacer/Spacer.styled.tsx","statementMap":{"0":{"start":{"line":3,"column":22},"end":{"line":6,"column":1}}},"fnMap":{},"branchMap":{},"s":{"0":2},"f":{},"b":{},"_coverageSchema":"1a1c01bbd47fc00a2c39e90264f33305004495a9","hash":"95867cc51dc6bb360995eab336b7c8a5af46d8bc"}
,"/Users/craigcurtis/demos/university-of-helsinki/full-stack-open-2022/client/src/components/common/Spacer/index.ts": {"path":"/Users/craigcurtis/demos/university-of-helsinki/full-stack-open-2022/client/src/components/common/Spacer/index.ts","statementMap":{},"fnMap":{},"branchMap":{},"s":{},"f":{},"b":{},"_coverageSchema":"1a1c01bbd47fc00a2c39e90264f33305004495a9","hash":"56e65120fcc16643c6f61cdc96183f1b37526e86"}
,"/Users/craigcurtis/demos/university-of-helsinki/full-stack-open-2022/client/src/components/common/SuccessIcon/SuccessIcon.tsx": {"path":"/Users/craigcurtis/demos/university-of-helsinki/full-stack-open-2022/client/src/components/common/SuccessIcon/SuccessIcon.tsx","statementMap":{"0":{"start":{"line":9,"column":20},"end":{"line":13,"column":1}},"1":{"start":{"line":10,"column":2},"end":{"line":12,"column":9}}},"fnMap":{"0":{"name":"(anonymous_0)","decl":{"start":{"line":9,"column":20},"end":{"line":9,"column":21}},"loc":{"start":{"line":10,"column":2},"end":{"line":12,"column":9}},"line":10}},"branchMap":{},"s":{"0":2,"1":0},"f":{"0":0},"b":{},"_coverageSchema":"1a1c01bbd47fc00a2c39e90264f33305004495a9","hash":"fce342b9782d61b8d4c51a1ff0c7f35b87a93d9d"}
,"/Users/craigcurtis/demos/university-of-helsinki/full-stack-open-2022/client/src/components/common/SuccessIcon/index.ts": {"path":"/Users/craigcurtis/demos/university-of-helsinki/full-stack-open-2022/client/src/components/common/SuccessIcon/index.ts","statementMap":{},"fnMap":{},"branchMap":{},"s":{},"f":{},"b":{},"_coverageSchema":"1a1c01bbd47fc00a2c39e90264f33305004495a9","hash":"3d57ff5eee0b914d94c6d717e23e2c4eb7b8e55d"}
,"/Users/craigcurtis/demos/university-of-helsinki/full-stack-open-2022/client/src/components/common/Togglable/Togglable.tsx": {"path":"/Users/craigcurtis/demos/university-of-helsinki/full-stack-open-2022/client/src/components/common/Togglable/Togglable.tsx","statementMap":{"0":{"start":{"line":11,"column":18},"end":{"line":46,"column":1}},"1":{"start":{"line":21,"column":32},"end":{"line":21,"column":51}},"2":{"start":{"line":23,"column":25},"end":{"line":27,"column":5}},"3":{"start":{"line":24,"column":6},"end":{"line":26,"column":8}},"4":{"start":{"line":25,"column":8},"end":{"line":25,"column":74}},"5":{"start":{"line":29,"column":4},"end":{"line":32,"column":8}},"6":{"start":{"line":29,"column":36},"end":{"line":32,"column":5}},"7":{"start":{"line":34,"column":4},"end":{"line":44,"column":6}},"8":{"start":{"line":37,"column":33},"end":{"line":37,"column":47}}},"fnMap":{"0":{"name":"(anonymous_0)","decl":{"start":{"line":12,"column":2},"end":{"line":12,"column":3}},"loc":{"start":{"line":20,"column":7},"end":{"line":45,"column":3}},"line":20},"1":{"name":"(anonymous_1)","decl":{"start":{"line":23,"column":25},"end":{"line":23,"column":26}},"loc":{"start":{"line":23,"column":45},"end":{"line":27,"column":5}},"line":23},"2":{"name":"(anonymous_2)","decl":{"start":{"line":24,"column":16},"end":{"line":24,"column":17}},"loc":{"start":{"line":25,"column":8},"end":{"line":25,"column":74}},"line":25},"3":{"name":"(anonymous_3)","decl":{"start":{"line":29,"column":29},"end":{"line":29,"column":30}},"loc":{"start":{"line":29,"column":36},"end":{"line":32,"column":5}},"line":29},"4":{"name":"(anonymous_4)","decl":{"start":{"line":37,"column":27},"end":{"line":37,"column":28}},"loc":{"start":{"line":37,"column":33},"end":{"line":37,"column":47}},"line":37}},"branchMap":{"0":{"loc":{"start":{"line":14,"column":6},"end":{"line":14,"column":23}},"type":"default-arg","locations":[{"start":{"line":14,"column":18},"end":{"line":14,"column":23}}],"line":14},"1":{"loc":{"start":{"line":15,"column":6},"end":{"line":15,"column":23}},"type":"default-arg","locations":[{"start":{"line":15,"column":17},"end":{"line":15,"column":23}}],"line":15},"2":{"loc":{"start":{"line":16,"column":6},"end":{"line":16,"column":23}},"type":"default-arg","locations":[{"start":{"line":16,"column":17},"end":{"line":16,"column":23}}],"line":16},"3":{"loc":{"start":{"line":25,"column":8},"end":{"line":25,"column":74}},"type":"cond-expr","locations":[{"start":{"line":25,"column":58},"end":{"line":25,"column":62}},{"start":{"line":25,"column":65},"end":{"line":25,"column":74}}],"line":25},"4":{"loc":{"start":{"line":25,"column":8},"end":{"line":25,"column":55}},"type":"binary-expr","locations":[{"start":{"line":25,"column":8},"end":{"line":25,"column":26}},{"start":{"line":25,"column":30},"end":{"line":25,"column":55}}],"line":25},"5":{"loc":{"start":{"line":38,"column":13},"end":{"line":38,"column":41}},"type":"cond-expr","locations":[{"start":{"line":38,"column":22},"end":{"line":38,"column":30}},{"start":{"line":38,"column":33},"end":{"line":38,"column":41}}],"line":38},"6":{"loc":{"start":{"line":42,"column":9},"end":{"line":42,"column":27}},"type":"binary-expr","locations":[{"start":{"line":42,"column":9},"end":{"line":42,"column":15}},{"start":{"line":42,"column":19},"end":{"line":42,"column":27}}],"line":42}},"s":{"0":2,"1":0,"2":0,"3":0,"4":0,"5":0,"6":0,"7":0,"8":0},"f":{"0":0,"1":0,"2":0,"3":0,"4":0},"b":{"0":[0],"1":[0],"2":[0],"3":[0,0],"4":[0,0],"5":[0,0],"6":[0,0]},"_coverageSchema":"1a1c01bbd47fc00a2c39e90264f33305004495a9","hash":"d2c0a9e3c760cdff7e3b56d39dd206ab58cda33c"}
,"/Users/craigcurtis/demos/university-of-helsinki/full-stack-open-2022/client/src/components/common/Togglable/index.ts": {"path":"/Users/craigcurtis/demos/university-of-helsinki/full-stack-open-2022/client/src/components/common/Togglable/index.ts","statementMap":{},"fnMap":{},"branchMap":{},"s":{},"f":{},"b":{},"_coverageSchema":"1a1c01bbd47fc00a2c39e90264f33305004495a9","hash":"2cbe04a98081e3f43856e4c1229c4172718ea5bf"}
,"/Users/craigcurtis/demos/university-of-helsinki/full-stack-open-2022/client/src/components/common/WarningIcon/WarningIcon.tsx": {"path":"/Users/craigcurtis/demos/university-of-helsinki/full-stack-open-2022/client/src/components/common/WarningIcon/WarningIcon.tsx","statementMap":{"0":{"start":{"line":9,"column":20},"end":{"line":13,"column":1}},"1":{"start":{"line":10,"column":2},"end":{"line":12,"column":9}}},"fnMap":{"0":{"name":"(anonymous_0)","decl":{"start":{"line":9,"column":20},"end":{"line":9,"column":21}},"loc":{"start":{"line":10,"column":2},"end":{"line":12,"column":9}},"line":10}},"branchMap":{},"s":{"0":2,"1":0},"f":{"0":0},"b":{},"_coverageSchema":"1a1c01bbd47fc00a2c39e90264f33305004495a9","hash":"2efd610357d8db7c63c0bf40251faa5a3de6db35"}
,"/Users/craigcurtis/demos/university-of-helsinki/full-stack-open-2022/client/src/components/common/WarningIcon/index.ts": {"path":"/Users/craigcurtis/demos/university-of-helsinki/full-stack-open-2022/client/src/components/common/WarningIcon/index.ts","statementMap":{},"fnMap":{},"branchMap":{},"s":{},"f":{},"b":{},"_coverageSchema":"1a1c01bbd47fc00a2c39e90264f33305004495a9","hash":"ddb7bf3f0a70350101b552fe8a60595a47cf43ae"}
,"/Users/craigcurtis/demos/university-of-helsinki/full-stack-open-2022/client/src/hooks/index.ts": {"path":"/Users/craigcurtis/demos/university-of-helsinki/full-stack-open-2022/client/src/hooks/index.ts","statementMap":{},"fnMap":{},"branchMap":{},"s":{},"f":{},"b":{}}
,"/Users/craigcurtis/demos/university-of-helsinki/full-stack-open-2022/client/src/hooks/useHooks.ts": {"path":"/Users/craigcurtis/demos/university-of-helsinki/full-stack-open-2022/client/src/hooks/useHooks.ts","statementMap":{},"fnMap":{},"branchMap":{},"s":{},"f":{},"b":{}}
,"/Users/craigcurtis/demos/university-of-helsinki/full-stack-open-2022/client/src/routes/Anecdotes.route.tsx": {"path":"/Users/craigcurtis/demos/university-of-helsinki/full-stack-open-2022/client/src/routes/Anecdotes.route.tsx","statementMap":{"0":{"start":{"line":4,"column":23},"end":{"line":8,"column":1}},"1":{"start":{"line":5,"column":2},"end":{"line":7,"column":14}}},"fnMap":{"0":{"name":"(anonymous_0)","decl":{"start":{"line":4,"column":23},"end":{"line":4,"column":24}},"loc":{"start":{"line":5,"column":2},"end":{"line":7,"column":14}},"line":5}},"branchMap":{},"s":{"0":0,"1":0},"f":{"0":0},"b":{}}
,"/Users/craigcurtis/demos/university-of-helsinki/full-stack-open-2022/client/src/routes/Blogs.route.tsx": {"path":"/Users/craigcurtis/demos/university-of-helsinki/full-stack-open-2022/client/src/routes/Blogs.route.tsx","statementMap":{"0":{"start":{"line":4,"column":23},"end":{"line":8,"column":1}},"1":{"start":{"line":5,"column":2},"end":{"line":7,"column":14}}},"fnMap":{"0":{"name":"(anonymous_0)","decl":{"start":{"line":4,"column":23},"end":{"line":4,"column":24}},"loc":{"start":{"line":5,"column":2},"end":{"line":7,"column":14}},"line":5}},"branchMap":{},"s":{"0":0,"1":0},"f":{"0":0},"b":{}}
,"/Users/craigcurtis/demos/university-of-helsinki/full-stack-open-2022/client/src/routes/CountrySearch.route.tsx": {"path":"/Users/craigcurtis/demos/university-of-helsinki/full-stack-open-2022/client/src/routes/CountrySearch.route.tsx","statementMap":{"0":{"start":{"line":4,"column":27},"end":{"line":8,"column":1}},"1":{"start":{"line":5,"column":2},"end":{"line":7,"column":14}}},"fnMap":{"0":{"name":"(anonymous_0)","decl":{"start":{"line":4,"column":27},"end":{"line":4,"column":28}},"loc":{"start":{"line":5,"column":2},"end":{"line":7,"column":14}},"line":5}},"branchMap":{},"s":{"0":0,"1":0},"f":{"0":0},"b":{}}
,"/Users/craigcurtis/demos/university-of-helsinki/full-stack-open-2022/client/src/routes/Course.route.tsx": {"path":"/Users/craigcurtis/demos/university-of-helsinki/full-stack-open-2022/client/src/routes/Course.route.tsx","statementMap":{"0":{"start":{"line":4,"column":20},"end":{"line":8,"column":1}},"1":{"start":{"line":5,"column":2},"end":{"line":7,"column":14}}},"fnMap":{"0":{"name":"(anonymous_0)","decl":{"start":{"line":4,"column":20},"end":{"line":4,"column":21}},"loc":{"start":{"line":5,"column":2},"end":{"line":7,"column":14}},"line":5}},"branchMap":{},"s":{"0":0,"1":0},"f":{"0":0},"b":{}}
,"/Users/craigcurtis/demos/university-of-helsinki/full-stack-open-2022/client/src/routes/Feedback.route.tsx": {"path":"/Users/craigcurtis/demos/university-of-helsinki/full-stack-open-2022/client/src/routes/Feedback.route.tsx","statementMap":{"0":{"start":{"line":4,"column":22},"end":{"line":8,"column":1}},"1":{"start":{"line":5,"column":2},"end":{"line":7,"column":14}}},"fnMap":{"0":{"name":"(anonymous_0)","decl":{"start":{"line":4,"column":22},"end":{"line":4,"column":23}},"loc":{"start":{"line":5,"column":2},"end":{"line":7,"column":14}},"line":5}},"branchMap":{},"s":{"0":0,"1":0},"f":{"0":0},"b":{}}
,"/Users/craigcurtis/demos/university-of-helsinki/full-stack-open-2022/client/src/routes/Home.route.tsx": {"path":"/Users/craigcurtis/demos/university-of-helsinki/full-stack-open-2022/client/src/routes/Home.route.tsx","statementMap":{"0":{"start":{"line":4,"column":18},"end":{"line":8,"column":1}},"1":{"start":{"line":5,"column":2},"end":{"line":7,"column":14}}},"fnMap":{"0":{"name":"(anonymous_0)","decl":{"start":{"line":4,"column":18},"end":{"line":4,"column":19}},"loc":{"start":{"line":5,"column":2},"end":{"line":7,"column":14}},"line":5}},"branchMap":{},"s":{"0":0,"1":0},"f":{"0":0},"b":{}}
,"/Users/craigcurtis/demos/university-of-helsinki/full-stack-open-2022/client/src/routes/Login.route.tsx": {"path":"/Users/craigcurtis/demos/university-of-helsinki/full-stack-open-2022/client/src/routes/Login.route.tsx","statementMap":{"0":{"start":{"line":4,"column":19},"end":{"line":6,"column":1}},"1":{"start":{"line":5,"column":2},"end":{"line":5,"column":19}}},"fnMap":{"0":{"name":"(anonymous_0)","decl":{"start":{"line":4,"column":19},"end":{"line":4,"column":20}},"loc":{"start":{"line":4,"column":25},"end":{"line":6,"column":1}},"line":4}},"branchMap":{},"s":{"0":0,"1":0},"f":{"0":0},"b":{}}
,"/Users/craigcurtis/demos/university-of-helsinki/full-stack-open-2022/client/src/routes/NotFound.route.tsx": {"path":"/Users/craigcurtis/demos/university-of-helsinki/full-stack-open-2022/client/src/routes/NotFound.route.tsx","statementMap":{"0":{"start":{"line":4,"column":22},"end":{"line":6,"column":1}},"1":{"start":{"line":5,"column":2},"end":{"line":5,"column":22}}},"fnMap":{"0":{"name":"(anonymous_0)","decl":{"start":{"line":4,"column":22},"end":{"line":4,"column":23}},"loc":{"start":{"line":4,"column":28},"end":{"line":6,"column":1}},"line":4}},"branchMap":{},"s":{"0":0,"1":0},"f":{"0":0},"b":{}}
,"/Users/craigcurtis/demos/university-of-helsinki/full-stack-open-2022/client/src/routes/Phonebook.route.tsx": {"path":"/Users/craigcurtis/demos/university-of-helsinki/full-stack-open-2022/client/src/routes/Phonebook.route.tsx","statementMap":{"0":{"start":{"line":4,"column":23},"end":{"line":8,"column":1}},"1":{"start":{"line":5,"column":2},"end":{"line":7,"column":14}}},"fnMap":{"0":{"name":"(anonymous_0)","decl":{"start":{"line":4,"column":23},"end":{"line":4,"column":24}},"loc":{"start":{"line":5,"column":2},"end":{"line":7,"column":14}},"line":5}},"branchMap":{},"s":{"0":0,"1":0},"f":{"0":0},"b":{}}
,"/Users/craigcurtis/demos/university-of-helsinki/full-stack-open-2022/client/src/routes/RefactoredCourse.route.tsx": {"path":"/Users/craigcurtis/demos/university-of-helsinki/full-stack-open-2022/client/src/routes/RefactoredCourse.route.tsx","statementMap":{"0":{"start":{"line":4,"column":30},"end":{"line":8,"column":1}},"1":{"start":{"line":5,"column":2},"end":{"line":7,"column":14}}},"fnMap":{"0":{"name":"(anonymous_0)","decl":{"start":{"line":4,"column":30},"end":{"line":4,"column":31}},"loc":{"start":{"line":5,"column":2},"end":{"line":7,"column":14}},"line":5}},"branchMap":{},"s":{"0":0,"1":0},"f":{"0":0},"b":{}}
,"/Users/craigcurtis/demos/university-of-helsinki/full-stack-open-2022/client/src/routes/Signup.route.tsx": {"path":"/Users/craigcurtis/demos/university-of-helsinki/full-stack-open-2022/client/src/routes/Signup.route.tsx","statementMap":{"0":{"start":{"line":4,"column":20},"end":{"line":6,"column":1}},"1":{"start":{"line":5,"column":2},"end":{"line":5,"column":20}}},"fnMap":{"0":{"name":"(anonymous_0)","decl":{"start":{"line":4,"column":20},"end":{"line":4,"column":21}},"loc":{"start":{"line":4,"column":26},"end":{"line":6,"column":1}},"line":4}},"branchMap":{},"s":{"0":0,"1":0},"f":{"0":0},"b":{}}
,"/Users/craigcurtis/demos/university-of-helsinki/full-stack-open-2022/client/src/routes/Splash.route.tsx": {"path":"/Users/craigcurtis/demos/university-of-helsinki/full-stack-open-2022/client/src/routes/Splash.route.tsx","statementMap":{"0":{"start":{"line":5,"column":20},"end":{"line":7,"column":1}},"1":{"start":{"line":6,"column":2},"end":{"line":6,"column":20}}},"fnMap":{"0":{"name":"(anonymous_0)","decl":{"start":{"line":5,"column":20},"end":{"line":5,"column":21}},"loc":{"start":{"line":5,"column":26},"end":{"line":7,"column":1}},"line":5}},"branchMap":{},"s":{"0":0,"1":0},"f":{"0":0},"b":{}}
,"/Users/craigcurtis/demos/university-of-helsinki/full-stack-open-2022/client/src/routes/UserProfile.route.tsx": {"path":"/Users/craigcurtis/demos/university-of-helsinki/full-stack-open-2022/client/src/routes/UserProfile.route.tsx","statementMap":{"0":{"start":{"line":4,"column":25},"end":{"line":8,"column":1}},"1":{"start":{"line":5,"column":2},"end":{"line":7,"column":14}}},"fnMap":{"0":{"name":"(anonymous_0)","decl":{"start":{"line":4,"column":25},"end":{"line":4,"column":26}},"loc":{"start":{"line":5,"column":2},"end":{"line":7,"column":14}},"line":5}},"branchMap":{},"s":{"0":0,"1":0},"f":{"0":0},"b":{}}
,"/Users/craigcurtis/demos/university-of-helsinki/full-stack-open-2022/client/src/routes/index.ts": {"path":"/Users/craigcurtis/demos/university-of-helsinki/full-stack-open-2022/client/src/routes/index.ts","statementMap":{},"fnMap":{},"branchMap":{},"s":{},"f":{},"b":{}}
,"/Users/craigcurtis/demos/university-of-helsinki/full-stack-open-2022/client/src/utils/styled/index.ts": {"path":"/Users/craigcurtis/demos/university-of-helsinki/full-stack-open-2022/client/src/utils/styled/index.ts","statementMap":{},"fnMap":{},"branchMap":{},"s":{},"f":{},"b":{},"_coverageSchema":"1a1c01bbd47fc00a2c39e90264f33305004495a9","hash":"f12b0ce19e9f2013acc4a6b98e03fd14303ee773"}
,"/Users/craigcurtis/demos/university-of-helsinki/full-stack-open-2022/client/src/utils/styled/styled.utils.ts": {"path":"/Users/craigcurtis/demos/university-of-helsinki/full-stack-open-2022/client/src/utils/styled/styled.utils.ts","statementMap":{"0":{"start":{"line":3,"column":23},"end":{"line":3,"column":51}}},"fnMap":{},"branchMap":{},"s":{"0":2},"f":{},"b":{},"_coverageSchema":"1a1c01bbd47fc00a2c39e90264f33305004495a9","hash":"6e283fb75601d3a33b71b0602073835a074199c9"}
}
