TN:
SF:src/App.tsx
FN:12,(anonymous_0)
FNF:1
FNH:0
FNDA:0,(anonymous_0)
DA:12,0
DA:13,0
LF:2
LH:0
BRF:0
BRH:0
end_of_record
TN:
SF:src/index.tsx
FNF:0
FNH:0
DA:7,0
LF:1
LH:0
BRF:0
BRH:0
end_of_record
TN:
SF:src/queryClient.ts
FNF:0
FNH:0
DA:3,0
DA:4,0
LF:2
LH:0
BRF:0
BRH:0
end_of_record
TN:
SF:src/api/apiBaseUrl.ts
FNF:0
FNH:0
DA:5,0
LF:1
LH:0
BRF:0
BRH:0
end_of_record
TN:
SF:src/api/index.ts
FNF:0
FNH:0
LF:0
LH:0
BRF:0
BRH:0
end_of_record
TN:
SF:src/auth/Auth.types.ts
FNF:0
FNH:0
LF:0
LH:0
BRF:0
BRH:0
end_of_record
TN:
SF:src/auth/index.ts
FNF:0
FNH:0
LF:0
LH:0
BRF:0
BRH:0
end_of_record
TN:
SF:src/auth/AuthProvider/AuthProvider.tsx
FN:12,(anonymous_0)
FN:16,(anonymous_1)
FN:17,(anonymous_2)
FN:22,(anonymous_3)
FNF:4
FNH:0
FNDA:0,(anonymous_0)
FNDA:0,(anonymous_1)
FNDA:0,(anonymous_2)
FNDA:0,(anonymous_3)
DA:12,0
DA:13,0
DA:14,0
DA:16,0
DA:17,0
DA:18,0
DA:19,0
DA:22,0
DA:23,0
DA:24,0
DA:25,0
DA:28,0
DA:34,0
LF:13
LH:0
BRF:0
BRH:0
end_of_record
TN:
SF:src/auth/AuthProvider/index.ts
FNF:0
FNH:0
LF:0
LH:0
BRF:0
BRH:0
end_of_record
TN:
SF:src/auth/AuthProvider/context/UserContext.tsx
FN:18,(anonymous_0)
FNF:1
FNH:0
FNDA:0,(anonymous_0)
DA:13,0
DA:16,0
DA:18,0
DA:19,0
DA:21,0
DA:22,0
DA:27,0
LF:7
LH:0
BRDA:21,0,0,0
BRDA:21,0,1,0
BRF:2
BRH:0
end_of_record
TN:
SF:src/auth/AuthProvider/hooks/index.ts
FNF:0
FNH:0
LF:0
LH:0
BRF:0
BRH:0
end_of_record
TN:
SF:src/auth/AuthProvider/hooks/useAuthReducer.ts
FN:18,(anonymous_0)
FN:24,authReducer
FN:38,useAuthReducer
FNF:3
FNH:0
FNDA:0,(anonymous_0)
FNDA:0,authReducer
FNDA:0,useAuthReducer
DA:14,0
DA:18,0
DA:19,0
DA:25,0
DA:27,0
DA:32,0
DA:34,0
DA:39,0
LF:8
LH:0
BRDA:25,0,0,0
BRDA:25,0,1,0
BRDA:25,0,2,0
BRF:3
BRH:0
end_of_record
TN:
SF:src/auth/AuthRoute/AuthRoute.tsx
FN:12,(anonymous_0)
FN:22,(anonymous_1)
FN:30,(anonymous_2)
FN:37,(anonymous_3)
FNF:4
FNH:0
FNDA:0,(anonymous_0)
FNDA:0,(anonymous_1)
FNDA:0,(anonymous_2)
FNDA:0,(anonymous_3)
DA:12,0
DA:13,0
DA:14,0
DA:15,0
DA:16,0
DA:20,0
DA:22,0
DA:23,0
DA:24,0
DA:25,0
DA:30,0
DA:31,0
DA:32,0
DA:33,0
DA:37,0
DA:38,0
DA:39,0
DA:40,0
DA:44,0
LF:19
LH:0
BRDA:16,0,0,0
BRDA:16,0,1,0
BRDA:23,1,0,0
BRDA:23,1,1,0
BRDA:23,2,0,0
BRDA:23,2,1,0
BRDA:24,3,0,0
BRDA:24,3,1,0
BRDA:31,4,0,0
BRDA:31,4,1,0
BRDA:31,5,0,0
BRDA:31,5,1,0
BRDA:38,6,0,0
BRDA:38,6,1,0
BRDA:38,7,0,0
BRDA:38,7,1,0
BRDA:44,8,0,0
BRDA:44,8,1,0
BRDA:44,8,2,0
BRF:19
BRH:0
end_of_record
TN:
SF:src/auth/AuthRoute/index.ts
FNF:0
FNH:0
LF:0
LH:0
BRF:0
BRH:0
end_of_record
TN:
SF:src/auth/hooks/index.ts
FNF:0
FNH:0
LF:0
LH:0
BRF:0
BRH:0
end_of_record
TN:
SF:src/auth/hooks/useAuthTokenConfig.ts
FN:11,(anonymous_0)
FN:17,(anonymous_1)
FNF:2
FNH:0
FNDA:0,(anonymous_0)
FNDA:0,(anonymous_1)
DA:11,0
DA:12,0
DA:13,0
DA:14,0
DA:16,0
DA:18,0
DA:28,0
LF:7
LH:0
BRDA:14,0,0,0
BRDA:14,0,1,0
BRDA:18,1,0,0
BRDA:18,1,1,0
BRF:4
BRH:0
end_of_record
TN:
SF:src/auth/hooks/useDeleteUserMutation.ts
FN:14,errorHandler
FN:22,(anonymous_1)
FN:33,useUserMutation
FN:45,(anonymous_3)
FN:51,(anonymous_4)
FN:59,useDeleteUserMutation
FN:61,(anonymous_6)
FN:64,(anonymous_7)
FNF:8
FNH:0
FNDA:0,errorHandler
FNDA:0,(anonymous_1)
FNDA:0,useUserMutation
FNDA:0,(anonymous_3)
FNDA:0,(anonymous_4)
FNDA:0,useDeleteUserMutation
FNDA:0,(anonymous_6)
FNDA:0,(anonymous_7)
DA:15,0
DA:16,0
DA:18,0
DA:22,0
DA:29,0
DA:30,0
DA:41,0
DA:43,0
DA:46,0
DA:47,0
DA:48,0
DA:52,0
DA:53,0
DA:60,0
DA:62,0
DA:65,0
LF:16
LH:0
BRDA:15,0,0,0
BRDA:15,0,1,0
BRDA:35,1,0,0
BRDA:47,2,0,0
BRDA:47,2,1,0
BRDA:52,3,0,0
BRDA:52,3,1,0
BRF:7
BRH:0
end_of_record
TN:
SF:src/auth/hooks/useLocalStorageCurrentUser.ts
FN:6,(anonymous_0)
FN:14,(anonymous_1)
FN:25,(anonymous_2)
FNF:3
FNH:0
FNDA:0,(anonymous_0)
FNDA:0,(anonymous_1)
FNDA:0,(anonymous_2)
DA:4,0
DA:6,0
DA:11,0
DA:14,0
DA:15,0
DA:18,0
DA:25,0
DA:26,0
DA:27,0
LF:9
LH:0
BRF:0
BRH:0
end_of_record
TN:
SF:src/auth/hooks/useLoginUserMutation.ts
FN:16,errorHandler
FN:24,(anonymous_1)
FN:30,useUserMutation
FN:42,(anonymous_3)
FN:48,(anonymous_4)
FN:56,useLoginUserMutation
FN:58,(anonymous_6)
FN:61,(anonymous_7)
FNF:8
FNH:0
FNDA:0,errorHandler
FNDA:0,(anonymous_1)
FNDA:0,useUserMutation
FNDA:0,(anonymous_3)
FNDA:0,(anonymous_4)
FNDA:0,useLoginUserMutation
FNDA:0,(anonymous_6)
FNDA:0,(anonymous_7)
DA:17,0
DA:18,0
DA:20,0
DA:24,0
DA:25,0
DA:27,0
DA:38,0
DA:40,0
DA:43,0
DA:44,0
DA:45,0
DA:49,0
DA:50,0
DA:57,0
DA:59,0
DA:62,0
LF:16
LH:0
BRDA:17,0,0,0
BRDA:17,0,1,0
BRDA:32,1,0,0
BRDA:44,2,0,0
BRDA:44,2,1,0
BRDA:49,3,0,0
BRDA:49,3,1,0
BRF:7
BRH:0
end_of_record
TN:
SF:src/auth/hooks/useLogout.ts
FN:8,(anonymous_0)
FN:14,(anonymous_1)
FNF:2
FNH:0
FNDA:0,(anonymous_0)
FNDA:0,(anonymous_1)
DA:8,0
DA:9,0
DA:10,0
DA:12,0
DA:14,0
DA:16,0
DA:18,0
DA:21,0
DA:23,0
DA:26,0
LF:10
LH:0
BRF:0
BRH:0
end_of_record
TN:
SF:src/auth/hooks/useRefreshTokenQuery.ts
FN:9,(anonymous_0)
FN:21,(anonymous_1)
FN:26,(anonymous_2)
FNF:3
FNH:0
FNDA:0,(anonymous_0)
FNDA:0,(anonymous_1)
FNDA:0,(anonymous_2)
DA:7,0
DA:9,0
DA:10,0
DA:12,0
DA:13,0
DA:14,0
DA:17,0
DA:21,0
DA:22,0
DA:24,0
DA:26,0
DA:29,0
LF:12
LH:0
BRDA:10,0,0,0
BRDA:10,0,1,0
BRDA:29,1,0,0
BRDA:29,1,1,0
BRF:4
BRH:0
end_of_record
TN:
SF:src/auth/hooks/useUserMutation.ts
FN:16,errorHandler
FN:24,(anonymous_1)
FN:30,useUserMutation
FN:42,(anonymous_3)
FN:48,(anonymous_4)
FN:56,useSignupUserMutation
FN:58,(anonymous_6)
FN:61,(anonymous_7)
FNF:8
FNH:0
FNDA:0,errorHandler
FNDA:0,(anonymous_1)
FNDA:0,useUserMutation
FNDA:0,(anonymous_3)
FNDA:0,(anonymous_4)
FNDA:0,useSignupUserMutation
FNDA:0,(anonymous_6)
FNDA:0,(anonymous_7)
DA:17,0
DA:18,0
DA:20,0
DA:24,0
DA:25,0
DA:27,0
DA:38,0
DA:40,0
DA:43,0
DA:44,0
DA:45,0
DA:49,0
DA:50,0
DA:57,0
DA:59,0
DA:62,0
LF:16
LH:0
BRDA:17,0,0,0
BRDA:17,0,1,0
BRDA:32,1,0,0
BRDA:44,2,0,0
BRDA:44,2,1,0
BRDA:49,3,0,0
BRDA:49,3,1,0
BRF:7
BRH:0
end_of_record
TN:
SF:src/components/index.ts
FNF:0
FNH:0
LF:0
LH:0
BRF:0
BRH:0
end_of_record
TN:
SF:src/components/Anecdotes/Anecdote.styled.tsx
FNF:0
FNH:0
DA:4,0
DA:9,0
LF:2
LH:0
BRF:0
BRH:0
end_of_record
TN:
SF:src/components/Anecdotes/Anecdote.tsx
FN:13,(anonymous_0)
FNF:1
FNH:0
FNDA:0,(anonymous_0)
DA:13,0
DA:19,0
LF:2
LH:0
BRDA:23,0,0,0
BRDA:23,0,1,0
BRF:2
BRH:0
end_of_record
TN:
SF:src/components/Anecdotes/AnecdoteDisplay.tsx
FN:8,(anonymous_0)
FNF:1
FNH:0
FNDA:0,(anonymous_0)
DA:8,0
DA:9,0
LF:2
LH:0
BRF:0
BRH:0
end_of_record
TN:
SF:src/components/Anecdotes/Anecdotes.tsx
FN:22,(anonymous_0)
FN:23,(anonymous_1)
FN:27,(anonymous_2)
FN:28,(anonymous_3)
FN:37,(anonymous_4)
FN:40,(anonymous_5)
FN:41,(anonymous_6)
FN:52,(anonymous_7)
FN:53,(anonymous_8)
FN:57,(anonymous_9)
FN:58,(anonymous_10)
FN:59,(anonymous_11)
FN:84,(anonymous_12)
FNF:13
FNH:0
FNDA:0,(anonymous_0)
FNDA:0,(anonymous_1)
FNDA:0,(anonymous_2)
FNDA:0,(anonymous_3)
FNDA:0,(anonymous_4)
FNDA:0,(anonymous_5)
FNDA:0,(anonymous_6)
FNDA:0,(anonymous_7)
FNDA:0,(anonymous_8)
FNDA:0,(anonymous_9)
FNDA:0,(anonymous_10)
FNDA:0,(anonymous_11)
FNDA:0,(anonymous_12)
DA:6,0
DA:22,0
DA:23,0
DA:24,0
DA:26,0
DA:28,0
DA:35,0
DA:37,0
DA:38,0
DA:39,0
DA:40,0
DA:41,0
DA:42,0
DA:43,0
DA:44,0
DA:48,0
DA:49,0
DA:52,0
DA:53,0
DA:54,0
DA:57,0
DA:58,0
DA:59,0
DA:60,0
DA:61,0
DA:67,0
DA:69,0
DA:73,0
DA:84,0
LF:29
LH:0
BRDA:43,0,0,0
BRDA:43,0,1,0
BRDA:48,1,0,0
BRDA:48,1,1,0
BRDA:60,2,0,0
BRDA:60,2,1,0
BRDA:78,3,0,0
BRDA:78,3,1,0
BRDA:89,4,0,0
BRDA:89,4,1,0
BRF:10
BRH:0
end_of_record
TN:
SF:src/components/Anecdotes/NextAnecdoteButton.tsx
FN:9,(anonymous_0)
FNF:1
FNH:0
FNDA:0,(anonymous_0)
DA:8,0
DA:10,0
LF:2
LH:0
BRF:0
BRH:0
end_of_record
TN:
SF:src/components/Anecdotes/TopAnecdote.tsx
FN:10,(anonymous_0)
FNF:1
FNH:0
FNDA:0,(anonymous_0)
DA:10,0
DA:11,0
LF:2
LH:0
BRF:0
BRH:0
end_of_record
TN:
SF:src/components/Anecdotes/index.ts
FNF:0
FNH:0
LF:0
LH:0
BRF:0
BRH:0
end_of_record
TN:
SF:src/components/Blogs/AddBlogForm.tsx
FN:12,(anonymous_0)
FN:13,(anonymous_1)
FNF:2
FNH:0
FNDA:0,(anonymous_0)
FNDA:0,(anonymous_1)
DA:12,0
DA:13,0
DA:14,0
DA:17,0
LF:4
LH:0
BRF:0
BRH:0
end_of_record
TN:
SF:src/components/Blogs/Blog.types.ts
FNF:0
FNH:0
LF:0
LH:0
BRF:0
BRH:0
end_of_record
TN:
SF:src/components/Blogs/BlogItem.styled.tsx
FNF:0
FNH:0
DA:4,1
DA:10,1
DA:11,1
DA:13,1
DA:15,1
DA:17,1
DA:22,1
LF:7
LH:7
BRF:0
BRH:0
end_of_record
TN:
SF:src/components/Blogs/BlogItem.tsx
FN:12,(anonymous_0)
FN:15,(anonymous_1)
FN:21,(anonymous_2)
FN:66,(anonymous_3)
FN:66,(anonymous_4)
FNF:5
FNH:5
FNDA:6,(anonymous_0)
FNDA:1,(anonymous_1)
FNDA:1,(anonymous_2)
FNDA:3,(anonymous_3)
FNDA:3,(anonymous_4)
DA:12,1
DA:13,6
DA:15,6
DA:16,1
DA:19,6
DA:21,6
DA:22,1
DA:25,6
DA:66,3
LF:9
LH:9
BRDA:33,0,0,6
BRDA:33,0,1,3
BRDA:43,1,0,3
BRDA:43,1,1,1
BRDA:67,2,0,3
BRDA:67,2,1,3
BRDA:70,3,0,6
BRDA:70,3,1,4
BRF:8
BRH:8
end_of_record
TN:
SF:src/components/Blogs/Blogs.tsx
FN:30,(anonymous_0)
FN:50,(anonymous_1)
FN:53,(anonymous_2)
FN:65,(anonymous_3)
FN:69,(anonymous_4)
FN:73,(anonymous_5)
FN:85,(anonymous_6)
FN:86,(anonymous_7)
FN:89,(anonymous_8)
FN:91,(anonymous_9)
FN:124,(anonymous_10)
FNF:11
FNH:0
FNDA:0,(anonymous_0)
FNDA:0,(anonymous_1)
FNDA:0,(anonymous_2)
FNDA:0,(anonymous_3)
FNDA:0,(anonymous_4)
FNDA:0,(anonymous_5)
FNDA:0,(anonymous_6)
FNDA:0,(anonymous_7)
FNDA:0,(anonymous_8)
FNDA:0,(anonymous_9)
FNDA:0,(anonymous_10)
DA:30,0
DA:31,0
DA:37,0
DA:39,0
DA:41,0
DA:43,0
DA:46,0
DA:47,0
DA:50,0
DA:52,0
DA:53,0
DA:56,0
DA:57,0
DA:60,0
DA:61,0
DA:65,0
DA:66,0
DA:69,0
DA:70,0
DA:73,0
DA:74,0
DA:78,0
DA:83,0
DA:85,0
DA:86,0
DA:89,0
DA:90,0
DA:91,0
DA:95,0
DA:125,0
LF:30
LH:0
BRDA:33,0,0,0
BRDA:46,1,0,0
BRDA:46,1,1,0
BRDA:46,1,2,0
BRDA:46,1,3,0
BRDA:53,2,0,0
BRDA:53,2,1,0
BRDA:53,2,2,0
BRDA:56,3,0,0
BRDA:56,3,1,0
BRDA:86,4,0,0
BRDA:86,4,1,0
BRDA:90,5,0,0
BRDA:90,5,1,0
BRDA:90,6,0,0
BRDA:90,6,1,0
BRDA:91,7,0,0
BRDA:91,7,1,0
BRDA:122,8,0,0
BRDA:122,8,1,0
BRDA:136,9,0,0
BRDA:136,9,1,0
BRDA:136,9,2,0
BRF:23
BRH:0
end_of_record
TN:
SF:src/components/Blogs/Togglable.tsx
FN:14,(anonymous_0)
FN:26,(anonymous_1)
FN:27,(anonymous_2)
FN:32,(anonymous_3)
FN:40,(anonymous_4)
FNF:5
FNH:4
FNDA:4,(anonymous_0)
FNDA:2,(anonymous_1)
FNDA:2,(anonymous_2)
FNDA:0,(anonymous_3)
FNDA:2,(anonymous_4)
DA:13,1
DA:24,4
DA:26,4
DA:27,2
DA:28,2
DA:32,4
DA:37,4
DA:40,2
LF:8
LH:8
BRDA:16,0,0,2
BRDA:17,1,0,2
BRDA:18,2,0,2
BRDA:19,3,0,4
BRDA:28,4,0,0
BRDA:28,4,1,2
BRDA:28,5,0,2
BRDA:28,5,1,0
BRDA:41,6,0,2
BRDA:41,6,1,2
BRDA:45,7,0,4
BRDA:45,7,1,2
BRF:12
BRH:10
end_of_record
TN:
SF:src/components/Blogs/index.ts
FNF:0
FNH:0
LF:0
LH:0
BRF:0
BRH:0
end_of_record
TN:
SF:src/components/Blogs/hooks/index.ts
FNF:0
FNH:0
LF:0
LH:0
BRF:0
BRH:0
end_of_record
TN:
SF:src/components/Blogs/hooks/useBlogsMutations.ts
FN:15,errorHandler
FN:25,(anonymous_1)
FN:25,(anonymous_2)
FN:31,(anonymous_3)
FN:32,(anonymous_4)
FN:43,(anonymous_5)
FN:43,(anonymous_6)
FN:48,useBlogsMutation
FN:61,(anonymous_8)
FN:67,(anonymous_9)
FN:75,useAddBlogMutation
FN:77,(anonymous_11)
FN:80,(anonymous_12)
FN:86,useUpdateBlogMutation
FN:88,(anonymous_14)
FN:91,(anonymous_15)
FN:97,useDeleteBlogMutation
FN:99,(anonymous_17)
FN:102,(anonymous_18)
FNF:19
FNH:0
FNDA:0,errorHandler
FNDA:0,(anonymous_1)
FNDA:0,(anonymous_2)
FNDA:0,(anonymous_3)
FNDA:0,(anonymous_4)
FNDA:0,(anonymous_5)
FNDA:0,(anonymous_6)
FNDA:0,useBlogsMutation
FNDA:0,(anonymous_8)
FNDA:0,(anonymous_9)
FNDA:0,useAddBlogMutation
FNDA:0,(anonymous_11)
FNDA:0,(anonymous_12)
FNDA:0,useUpdateBlogMutation
FNDA:0,(anonymous_14)
FNDA:0,(anonymous_15)
FNDA:0,useDeleteBlogMutation
FNDA:0,(anonymous_17)
FNDA:0,(anonymous_18)
DA:16,0
DA:17,0
DA:19,0
DA:25,0
DA:26,0
DA:27,0
DA:31,0
DA:32,0
DA:33,0
DA:35,0
DA:40,0
DA:43,0
DA:44,0
DA:45,0
DA:56,0
DA:57,0
DA:59,0
DA:62,0
DA:63,0
DA:64,0
DA:68,0
DA:69,0
DA:76,0
DA:78,0
DA:81,0
DA:87,0
DA:89,0
DA:92,0
DA:98,0
DA:100,0
DA:103,0
LF:31
LH:0
BRDA:16,0,0,0
BRDA:16,0,1,0
BRDA:50,1,0,0
BRDA:63,2,0,0
BRDA:63,2,1,0
BRDA:68,3,0,0
BRDA:68,3,1,0
BRF:7
BRH:0
end_of_record
TN:
SF:src/components/Blogs/hooks/useBlogsQuery.ts
FN:9,(anonymous_0)
FN:19,(anonymous_1)
FNF:2
FNH:0
FNDA:0,(anonymous_0)
FNDA:0,(anonymous_1)
DA:7,0
DA:9,0
DA:10,0
DA:11,0
DA:12,0
DA:15,0
DA:19,0
DA:20,0
DA:24,0
LF:9
LH:0
BRDA:24,0,0,0
BRDA:24,0,1,0
BRF:2
BRH:0
end_of_record
TN:
SF:src/components/CountrySearch/Country.types.ts
FNF:0
FNH:0
LF:0
LH:0
BRF:0
BRH:0
end_of_record
TN:
SF:src/components/CountrySearch/CountrySearch.tsx
FN:8,(anonymous_0)
FN:13,(anonymous_1)
FN:14,(anonymous_2)
FN:24,(anonymous_3)
FNF:4
FNH:0
FNDA:0,(anonymous_0)
FNDA:0,(anonymous_1)
FNDA:0,(anonymous_2)
FNDA:0,(anonymous_3)
DA:8,0
DA:9,0
DA:11,0
DA:13,0
DA:14,0
DA:17,0
DA:24,0
LF:7
LH:0
BRDA:29,0,0,0
BRDA:29,0,1,0
BRDA:30,1,0,0
BRDA:30,1,1,0
BRDA:30,1,2,0
BRDA:31,2,0,0
BRDA:31,2,1,0
BRF:7
BRH:0
end_of_record
TN:
SF:src/components/CountrySearch/Weather.types.ts
FNF:0
FNH:0
LF:0
LH:0
BRF:0
BRH:0
end_of_record
TN:
SF:src/components/CountrySearch/index.ts
FNF:0
FNH:0
LF:0
LH:0
BRF:0
BRH:0
end_of_record
TN:
SF:src/components/CountrySearch/CapitalWeather/CapitalWeather.styled.tsx
FNF:0
FNH:0
DA:4,0
DA:13,0
LF:2
LH:0
BRF:0
BRH:0
end_of_record
TN:
SF:src/components/CountrySearch/CapitalWeather/CapitalWeather.tsx
FN:11,(anonymous_0)
FN:18,(anonymous_1)
FN:27,(anonymous_2)
FNF:3
FNH:0
FNDA:0,(anonymous_0)
FNDA:0,(anonymous_1)
FNDA:0,(anonymous_2)
DA:11,0
DA:12,0
DA:17,0
DA:19,0
DA:25,0
DA:27,0
DA:28,0
DA:30,0
DA:33,0
LF:9
LH:0
BRDA:19,0,0,0
BRDA:19,0,1,0
BRDA:27,1,0,0
BRDA:36,2,0,0
BRDA:36,2,1,0
BRDA:37,3,0,0
BRDA:37,3,1,0
BRDA:37,3,2,0
BRDA:48,4,0,0
BRDA:48,4,1,0
BRF:10
BRH:0
end_of_record
TN:
SF:src/components/CountrySearch/CapitalWeather/index.ts
FNF:0
FNH:0
LF:0
LH:0
BRF:0
BRH:0
end_of_record
TN:
SF:src/components/CountrySearch/Countries/Countries.styled.tsx
FNF:0
FNH:0
DA:3,0
LF:1
LH:0
BRF:0
BRH:0
end_of_record
TN:
SF:src/components/CountrySearch/Countries/Countries.tsx
FN:12,(anonymous_0)
FN:14,(anonymous_1)
FN:17,(anonymous_2)
FN:29,(anonymous_3)
FNF:4
FNH:0
FNDA:0,(anonymous_0)
FNDA:0,(anonymous_1)
FNDA:0,(anonymous_2)
FNDA:0,(anonymous_3)
DA:12,0
DA:13,0
DA:15,0
DA:18,0
DA:23,0
DA:24,0
DA:30,0
LF:7
LH:0
BRDA:12,0,0,0
BRDA:15,1,0,0
BRDA:15,1,1,0
BRDA:23,2,0,0
BRDA:23,2,1,0
BRDA:26,3,0,0
BRDA:26,3,1,0
BRDA:26,4,0,0
BRDA:26,4,1,0
BRF:9
BRH:0
end_of_record
TN:
SF:src/components/CountrySearch/Countries/index.ts
FNF:0
FNH:0
LF:0
LH:0
BRF:0
BRH:0
end_of_record
TN:
SF:src/components/CountrySearch/CountryDetail/CountryDetail.styled.tsx
FN:27,(anonymous_0)
FNF:1
FNH:0
FNDA:0,(anonymous_0)
DA:3,0
DA:7,0
DA:11,0
DA:17,0
DA:25,0
DA:27,0
DA:33,0
DA:37,0
DA:42,0
DA:47,0
LF:10
LH:0
BRDA:27,0,0,0
BRDA:27,0,1,0
BRF:2
BRH:0
end_of_record
TN:
SF:src/components/CountrySearch/CountryDetail/CountryDetail.tsx
FN:12,(anonymous_0)
FN:19,(anonymous_1)
FN:27,(anonymous_2)
FN:27,(anonymous_3)
FN:49,(anonymous_4)
FNF:5
FNH:0
FNDA:0,(anonymous_0)
FNDA:0,(anonymous_1)
FNDA:0,(anonymous_2)
FNDA:0,(anonymous_3)
FNDA:0,(anonymous_4)
DA:12,0
DA:13,0
DA:15,0
DA:19,0
DA:20,0
DA:23,0
DA:27,0
DA:50,0
LF:8
LH:0
BRDA:15,0,0,0
BRDA:15,0,1,0
BRDA:15,0,2,0
BRDA:28,1,0,0
BRDA:28,1,1,0
BRDA:32,2,0,0
BRDA:32,2,1,0
BRDA:49,3,0,0
BRDA:49,3,1,0
BRDA:56,4,0,0
BRDA:56,4,1,0
BRDA:58,5,0,0
BRDA:58,5,1,0
BRF:13
BRH:0
end_of_record
TN:
SF:src/components/CountrySearch/CountryDetail/index.ts
FNF:0
FNH:0
LF:0
LH:0
BRF:0
BRH:0
end_of_record
TN:
SF:src/components/CountrySearch/CountryFilter/CountryFilter.styled.tsx
FNF:0
FNH:0
DA:3,0
DA:9,0
DA:13,0
LF:3
LH:0
BRF:0
BRH:0
end_of_record
TN:
SF:src/components/CountrySearch/CountryFilter/CountryFilter.tsx
FN:11,(anonymous_0)
FN:18,(anonymous_1)
FNF:2
FNH:0
FNDA:0,(anonymous_0)
FNDA:0,(anonymous_1)
DA:11,0
DA:12,0
DA:18,0
LF:3
LH:0
BRF:0
BRH:0
end_of_record
TN:
SF:src/components/CountrySearch/CountryFilter/index.ts
FNF:0
FNH:0
LF:0
LH:0
BRF:0
BRH:0
end_of_record
TN:
SF:src/components/CountrySearch/CountryHeaderBar/CountryHeaderBar.styled.tsx
FNF:0
FNH:0
DA:3,0
LF:1
LH:0
BRF:0
BRH:0
end_of_record
TN:
SF:src/components/CountrySearch/CountryHeaderBar/index.ts
FNF:0
FNH:0
LF:0
LH:0
BRF:0
BRH:0
end_of_record
TN:
SF:src/components/CountrySearch/hooks/index.ts
FNF:0
FNH:0
LF:0
LH:0
BRF:0
BRH:0
end_of_record
TN:
SF:src/components/CountrySearch/hooks/useCountryQuery.ts
FN:7,(anonymous_0)
FN:16,(anonymous_1)
FNF:2
FNH:0
FNDA:0,(anonymous_0)
FNDA:0,(anonymous_1)
DA:5,0
DA:7,0
DA:8,0
DA:9,0
DA:10,0
DA:16,0
DA:17,0
DA:21,0
LF:8
LH:0
BRF:0
BRH:0
end_of_record
TN:
SF:src/components/CountrySearch/hooks/useWeatherQuery.ts
FN:7,(anonymous_0)
FN:22,(anonymous_1)
FN:25,(anonymous_2)
FNF:3
FNH:0
FNDA:0,(anonymous_0)
FNDA:0,(anonymous_1)
FNDA:0,(anonymous_2)
DA:5,0
DA:7,0
DA:8,0
DA:9,0
DA:11,0
DA:12,0
DA:15,0
DA:18,0
DA:22,0
DA:23,0
DA:25,0
DA:27,0
LF:12
LH:0
BRDA:8,0,0,0
BRDA:8,0,1,0
BRDA:8,1,0,0
BRDA:8,1,1,0
BRF:4
BRH:0
end_of_record
TN:
SF:src/components/Course/Course.tsx
FN:10,(anonymous_0)
FN:13,(anonymous_1)
FN:15,(anonymous_2)
FN:16,(anonymous_3)
FNF:4
FNH:0
FNDA:0,(anonymous_0)
FNDA:0,(anonymous_1)
FNDA:0,(anonymous_2)
FNDA:0,(anonymous_3)
DA:10,0
DA:11,0
DA:13,0
DA:15,0
DA:16,0
DA:17,0
DA:18,0
DA:20,0
DA:23,0
DA:25,0
DA:28,0
LF:11
LH:0
BRDA:30,0,0,0
BRDA:30,0,1,0
BRF:2
BRH:0
end_of_record
TN:
SF:src/components/Course/Course.types.ts
FNF:0
FNH:0
LF:0
LH:0
BRF:0
BRH:0
end_of_record
TN:
SF:src/components/Course/CourseHeader.tsx
FN:9,(anonymous_0)
FNF:1
FNH:0
FNDA:0,(anonymous_0)
DA:9,0
DA:13,0
LF:2
LH:0
BRDA:11,0,0,0
BRF:1
BRH:0
end_of_record
TN:
SF:src/components/Course/CoursePart.tsx
FN:8,(anonymous_0)
FNF:1
FNH:0
FNDA:0,(anonymous_0)
DA:8,0
DA:9,0
LF:2
LH:0
BRF:0
BRH:0
end_of_record
TN:
SF:src/components/Course/CourseParts.tsx
FN:9,(anonymous_0)
FN:12,(anonymous_1)
FNF:2
FNH:0
FNDA:0,(anonymous_0)
FNDA:0,(anonymous_1)
DA:9,0
DA:10,0
DA:13,0
LF:3
LH:0
BRF:0
BRH:0
end_of_record
TN:
SF:src/components/Course/CourseTotals.tsx
FN:8,(anonymous_0)
FN:10,(anonymous_1)
FN:13,(anonymous_2)
FNF:3
FNH:0
FNDA:0,(anonymous_0)
FNDA:0,(anonymous_1)
FNDA:0,(anonymous_2)
DA:8,0
DA:9,0
DA:11,0
DA:14,0
DA:19,0
LF:5
LH:0
BRDA:11,0,0,0
BRDA:11,0,1,0
BRF:2
BRH:0
end_of_record
TN:
SF:src/components/Course/index.ts
FNF:0
FNH:0
LF:0
LH:0
BRF:0
BRH:0
end_of_record
TN:
SF:src/components/Feedback/Feedback.tsx
FN:18,(anonymous_0)
FN:21,(anonymous_1)
FN:22,(anonymous_2)
FN:28,(anonymous_3)
FN:29,(anonymous_4)
FN:33,(anonymous_5)
FN:33,(anonymous_6)
FNF:7
FNH:0
FNDA:0,(anonymous_0)
FNDA:0,(anonymous_1)
FNDA:0,(anonymous_2)
FNDA:0,(anonymous_3)
FNDA:0,(anonymous_4)
FNDA:0,(anonymous_5)
FNDA:0,(anonymous_6)
DA:12,0
DA:18,0
DA:19,0
DA:21,0
DA:22,0
DA:28,0
DA:29,0
DA:32,0
DA:33,0
DA:37,0
LF:10
LH:0
BRF:0
BRH:0
end_of_record
TN:
SF:src/components/Feedback/Feedback.types.ts
FNF:0
FNH:0
LF:0
LH:0
BRF:0
BRH:0
end_of_record
TN:
SF:src/components/Feedback/FeedbackButtons.tsx
FN:15,(anonymous_0)
FN:18,(anonymous_1)
FN:19,(anonymous_2)
FN:20,(anonymous_3)
FNF:4
FNH:0
FNDA:0,(anonymous_0)
FNDA:0,(anonymous_1)
FNDA:0,(anonymous_2)
FNDA:0,(anonymous_3)
DA:9,0
DA:15,0
DA:16,0
DA:18,0
DA:19,0
DA:20,0
LF:6
LH:0
BRF:0
BRH:0
end_of_record
TN:
SF:src/components/Feedback/FeedbackStatistics.styled.tsx
FNF:0
FNH:0
DA:3,0
DA:4,0
LF:2
LH:0
BRF:0
BRH:0
end_of_record
TN:
SF:src/components/Feedback/FeedbackStatistics.tsx
FN:10,(anonymous_0)
FN:11,(anonymous_1)
FN:22,(anonymous_2)
FN:29,(anonymous_3)
FN:34,(anonymous_4)
FNF:5
FNH:0
FNDA:0,(anonymous_0)
FNDA:0,(anonymous_1)
FNDA:0,(anonymous_2)
FNDA:0,(anonymous_3)
FNDA:0,(anonymous_4)
DA:10,0
DA:11,0
DA:12,0
DA:15,0
DA:21,0
DA:23,0
DA:27,0
DA:29,0
DA:30,0
DA:31,0
DA:33,0
DA:34,0
DA:44,0
LF:13
LH:0
BRDA:22,0,0,0
BRDA:22,0,1,0
BRDA:27,1,0,0
BRDA:27,1,1,0
BRDA:30,2,0,0
BRDA:30,2,1,0
BRF:6
BRH:0
end_of_record
TN:
SF:src/components/Feedback/StatisticLine.styled.tsx
FNF:0
FNH:0
DA:3,0
DA:4,0
LF:2
LH:0
BRF:0
BRH:0
end_of_record
TN:
SF:src/components/Feedback/StatisticLine.tsx
FN:9,(anonymous_0)
FNF:1
FNH:0
FNDA:0,(anonymous_0)
DA:9,0
DA:10,0
LF:2
LH:0
BRF:0
BRH:0
end_of_record
TN:
SF:src/components/Feedback/StatisticsTable.styled.tsx
FNF:0
FNH:0
DA:3,0
DA:4,0
DA:5,0
DA:6,0
DA:7,0
DA:11,0
LF:6
LH:0
BRF:0
BRH:0
end_of_record
TN:
SF:src/components/Feedback/StatisticsTable.tsx
FN:15,(anonymous_0)
FN:28,(anonymous_1)
FNF:2
FNH:0
FNDA:0,(anonymous_0)
FNDA:0,(anonymous_1)
DA:15,0
DA:19,0
DA:29,0
LF:3
LH:0
BRDA:17,0,0,0
BRDA:27,1,0,0
BRDA:27,1,1,0
BRF:3
BRH:0
end_of_record
TN:
SF:src/components/Feedback/index.ts
FNF:0
FNH:0
LF:0
LH:0
BRF:0
BRH:0
end_of_record
TN:
SF:src/components/Home/Home.styled.tsx
FNF:0
FNH:0
DA:4,0
LF:1
LH:0
BRF:0
BRH:0
end_of_record
TN:
SF:src/components/Home/Home.tsx
FN:8,(anonymous_0)
FN:12,(anonymous_1)
FNF:2
FNH:0
FNDA:0,(anonymous_0)
FNDA:0,(anonymous_1)
DA:8,0
DA:9,0
DA:10,0
DA:12,0
DA:13,0
DA:16,0
LF:6
LH:0
BRF:0
BRH:0
end_of_record
TN:
SF:src/components/Home/index.ts
FNF:0
FNH:0
LF:0
LH:0
BRF:0
BRH:0
end_of_record
TN:
SF:src/components/Login/Login.styled.tsx
FNF:0
FNH:0
DA:4,0
DA:10,0
DA:19,0
LF:3
LH:0
BRF:0
BRH:0
end_of_record
TN:
SF:src/components/Login/Login.tsx
FN:10,(anonymous_0)
FN:15,(anonymous_1)
FNF:2
FNH:0
FNDA:0,(anonymous_0)
FNDA:0,(anonymous_1)
DA:10,0
DA:11,0
DA:12,0
DA:13,0
DA:15,0
DA:16,0
DA:17,0
DA:19,0
DA:20,0
DA:21,0
DA:24,0
DA:28,0
LF:12
LH:0
BRDA:19,0,0,0
BRDA:19,0,1,0
BRF:2
BRH:0
end_of_record
TN:
SF:src/components/Login/index.ts
FNF:0
FNH:0
LF:0
LH:0
BRF:0
BRH:0
end_of_record
TN:
SF:src/components/NotFound/NotFound.styled.tsx
FNF:0
FNH:0
DA:4,0
DA:13,0
DA:18,0
LF:3
LH:0
BRF:0
BRH:0
end_of_record
TN:
SF:src/components/NotFound/NotFound.tsx
FN:6,(anonymous_0)
FN:13,(anonymous_1)
FNF:2
FNH:0
FNDA:0,(anonymous_0)
FNDA:0,(anonymous_1)
DA:6,0
DA:7,0
DA:9,0
DA:13,0
LF:4
LH:0
BRF:0
BRH:0
end_of_record
TN:
SF:src/components/NotFound/index.ts
FNF:0
FNH:0
LF:0
LH:0
BRF:0
BRH:0
end_of_record
TN:
SF:src/components/Phonebook/Contact.types.ts
FNF:0
FNH:0
LF:0
LH:0
BRF:0
BRH:0
end_of_record
TN:
SF:src/components/Phonebook/Phonebook.tsx
FN:23,(anonymous_0)
FN:40,(anonymous_1)
FN:47,(anonymous_2)
FN:49,(anonymous_3)
FN:67,(anonymous_4)
FN:68,(anonymous_5)
FN:71,(anonymous_6)
FN:102,(anonymous_7)
FNF:8
FNH:0
FNDA:0,(anonymous_0)
FNDA:0,(anonymous_1)
FNDA:0,(anonymous_2)
FNDA:0,(anonymous_3)
FNDA:0,(anonymous_4)
FNDA:0,(anonymous_5)
FNDA:0,(anonymous_6)
FNDA:0,(anonymous_7)
DA:23,0
DA:29,0
DA:30,0
DA:32,0
DA:34,0
DA:36,0
DA:38,0
DA:40,0
DA:44,0
DA:46,0
DA:47,0
DA:49,0
DA:51,0
DA:52,0
DA:56,0
DA:58,0
DA:61,0
DA:64,0
DA:67,0
DA:68,0
DA:71,0
DA:73,0
DA:76,0
DA:77,0
DA:79,0
DA:82,0
DA:102,0
LF:27
LH:0
BRDA:38,0,0,0
BRDA:38,0,1,0
BRDA:38,0,2,0
BRDA:38,0,3,0
BRDA:47,1,0,0
BRDA:47,1,1,0
BRDA:51,2,0,0
BRDA:51,2,1,0
BRDA:56,3,0,0
BRDA:56,3,1,0
BRDA:58,4,0,0
BRDA:58,4,1,0
BRDA:76,5,0,0
BRDA:76,5,1,0
BRDA:89,6,0,0
BRDA:89,6,1,0
BRDA:96,7,0,0
BRDA:96,7,1,0
BRDA:96,7,2,0
BRDA:109,8,0,0
BRDA:109,8,1,0
BRDA:121,9,0,0
BRDA:121,9,1,0
BRDA:121,9,2,0
BRDA:127,10,0,0
BRDA:127,10,1,0
BRF:26
BRH:0
end_of_record
TN:
SF:src/components/Phonebook/index.ts
FNF:0
FNH:0
LF:0
LH:0
BRF:0
BRH:0
end_of_record
TN:
SF:src/components/Phonebook/AddContactForm/AddContactForm.styled.tsx
FNF:0
FNH:0
DA:4,0
DA:9,0
DA:15,0
DA:21,0
DA:25,0
DA:40,0
LF:6
LH:0
BRF:0
BRH:0
end_of_record
TN:
SF:src/components/Phonebook/AddContactForm/AddContactForm.tsx
FN:17,(anonymous_0)
FN:26,(anonymous_1)
FN:26,(anonymous_2)
FN:31,(anonymous_3)
FN:32,(anonymous_4)
FN:34,(anonymous_5)
FN:45,(anonymous_6)
FN:51,(anonymous_7)
FN:52,(anonymous_8)
FNF:9
FNH:0
FNDA:0,(anonymous_0)
FNDA:0,(anonymous_1)
FNDA:0,(anonymous_2)
FNDA:0,(anonymous_3)
FNDA:0,(anonymous_4)
FNDA:0,(anonymous_5)
FNDA:0,(anonymous_6)
FNDA:0,(anonymous_7)
FNDA:0,(anonymous_8)
DA:17,0
DA:22,0
DA:23,0
DA:24,0
DA:25,0
DA:26,0
DA:29,0
DA:31,0
DA:32,0
DA:34,0
DA:41,0
DA:42,0
DA:45,0
DA:46,0
DA:47,0
DA:48,0
DA:50,0
DA:51,0
DA:52,0
DA:55,0
LF:20
LH:0
BRDA:47,0,0,0
BRDA:47,0,1,0
BRDA:72,1,0,0
BRDA:72,1,1,0
BRDA:98,2,0,0
BRDA:98,2,1,0
BRDA:98,2,2,0
BRF:7
BRH:0
end_of_record
TN:
SF:src/components/Phonebook/AddContactForm/index.ts
FNF:0
FNH:0
LF:0
LH:0
BRF:0
BRH:0
end_of_record
TN:
SF:src/components/Phonebook/Contact/Contact.styled.tsx
FNF:0
FNH:0
DA:4,0
DA:18,0
DA:22,0
LF:3
LH:0
BRF:0
BRH:0
end_of_record
TN:
SF:src/components/Phonebook/Contact/Contact.tsx
FN:12,(anonymous_0)
FN:22,(anonymous_1)
FNF:2
FNH:0
FNDA:0,(anonymous_0)
FNDA:0,(anonymous_1)
DA:12,0
DA:17,0
DA:22,0
LF:3
LH:0
BRDA:13,0,0,0
BRF:1
BRH:0
end_of_record
TN:
SF:src/components/Phonebook/Contact/index.ts
FNF:0
FNH:0
LF:0
LH:0
BRF:0
BRH:0
end_of_record
TN:
SF:src/components/Phonebook/Contacts/Contacts.styled.tsx
FNF:0
FNH:0
DA:3,0
LF:1
LH:0
BRF:0
BRH:0
end_of_record
TN:
SF:src/components/Phonebook/Contacts/Contacts.tsx
FN:14,(anonymous_0)
FN:21,(anonymous_1)
FN:23,(anonymous_2)
FN:34,(anonymous_3)
FNF:4
FNH:0
FNDA:0,(anonymous_0)
FNDA:0,(anonymous_1)
FNDA:0,(anonymous_2)
FNDA:0,(anonymous_3)
DA:14,0
DA:20,0
DA:22,0
DA:24,0
DA:30,0
DA:35,0
LF:6
LH:0
BRDA:15,0,0,0
BRDA:16,1,0,0
BRDA:22,2,0,0
BRDA:22,2,1,0
BRDA:32,3,0,0
BRDA:32,3,1,0
BRDA:44,4,0,0
BRDA:44,4,1,0
BRDA:44,4,2,0
BRDA:47,5,0,0
BRDA:47,5,1,0
BRF:11
BRH:0
end_of_record
TN:
SF:src/components/Phonebook/Contacts/index.ts
FNF:0
FNH:0
LF:0
LH:0
BRF:0
BRH:0
end_of_record
TN:
SF:src/components/Phonebook/FilterContacts/FilterContacts.styled.tsx
FNF:0
FNH:0
DA:3,0
DA:8,0
DA:12,0
LF:3
LH:0
BRF:0
BRH:0
end_of_record
TN:
SF:src/components/Phonebook/FilterContacts/FilterContacts.tsx
FN:12,(anonymous_0)
FN:25,(anonymous_1)
FNF:2
FNH:0
FNDA:0,(anonymous_0)
FNDA:0,(anonymous_1)
DA:12,0
DA:18,0
DA:25,0
LF:3
LH:0
BRDA:30,0,0,0
BRDA:30,0,1,0
BRF:2
BRH:0
end_of_record
TN:
SF:src/components/Phonebook/FilterContacts/index.ts
FNF:0
FNH:0
LF:0
LH:0
BRF:0
BRH:0
end_of_record
TN:
SF:src/components/Phonebook/NoContactsMessage/NoContactsMessage.styled.tsx
FNF:0
FNH:0
DA:3,0
DA:5,0
LF:2
LH:0
BRF:0
BRH:0
end_of_record
TN:
SF:src/components/Phonebook/NoContactsMessage/NoContactsMessage.tsx
FN:8,(anonymous_0)
FNF:1
FNH:0
FNDA:0,(anonymous_0)
DA:8,0
DA:9,0
LF:2
LH:0
BRF:0
BRH:0
end_of_record
TN:
SF:src/components/Phonebook/NoContactsMessage/index.ts
FNF:0
FNH:0
LF:0
LH:0
BRF:0
BRH:0
end_of_record
TN:
SF:src/components/Phonebook/PhoneNumberInput/PhoneNumberInput.styled.tsx
FNF:0
FNH:0
DA:4,0
DA:9,0
LF:2
LH:0
BRF:0
BRH:0
end_of_record
TN:
SF:src/components/Phonebook/PhoneNumberInput/PhoneNumberInput.tsx
FN:20,(anonymous_0)
FN:25,(anonymous_1)
FNF:2
FNH:0
FNDA:0,(anonymous_0)
FNDA:0,(anonymous_1)
DA:20,0
DA:25,0
DA:26,0
DA:32,0
LF:4
LH:0
BRDA:28,0,0,0
BRDA:28,0,1,0
BRDA:40,1,0,0
BRDA:40,1,1,0
BRF:4
BRH:0
end_of_record
TN:
SF:src/components/Phonebook/PhoneNumberInput/index.ts
FNF:0
FNH:0
LF:0
LH:0
BRF:0
BRH:0
end_of_record
TN:
SF:src/components/Phonebook/hooks/index.ts
FNF:0
FNH:0
LF:0
LH:0
BRF:0
BRH:0
end_of_record
TN:
SF:src/components/Phonebook/hooks/useContactMutation.ts
FN:17,errorHandler
FN:27,(anonymous_1)
FN:27,(anonymous_2)
FN:37,(anonymous_3)
FN:37,(anonymous_4)
FN:47,(anonymous_5)
FN:47,(anonymous_6)
FN:55,useContactsMutation
FN:68,(anonymous_8)
FN:74,(anonymous_9)
FN:82,useAddContactMutation
FN:84,(anonymous_11)
FN:87,(anonymous_12)
FN:93,useUpdateContactMutation
FN:95,(anonymous_14)
FN:98,(anonymous_15)
FN:104,useDeleteContactMutation
FN:106,(anonymous_17)
FN:109,(anonymous_18)
FNF:19
FNH:0
FNDA:0,errorHandler
FNDA:0,(anonymous_1)
FNDA:0,(anonymous_2)
FNDA:0,(anonymous_3)
FNDA:0,(anonymous_4)
FNDA:0,(anonymous_5)
FNDA:0,(anonymous_6)
FNDA:0,useContactsMutation
FNDA:0,(anonymous_8)
FNDA:0,(anonymous_9)
FNDA:0,useAddContactMutation
FNDA:0,(anonymous_11)
FNDA:0,(anonymous_12)
FNDA:0,useUpdateContactMutation
FNDA:0,(anonymous_14)
FNDA:0,(anonymous_15)
FNDA:0,useDeleteContactMutation
FNDA:0,(anonymous_17)
FNDA:0,(anonymous_18)
DA:18,0
DA:19,0
DA:21,0
DA:27,0
DA:28,0
DA:33,0
DA:37,0
DA:38,0
DA:43,0
DA:47,0
DA:48,0
DA:52,0
DA:63,0
DA:64,0
DA:66,0
DA:69,0
DA:70,0
DA:71,0
DA:75,0
DA:76,0
DA:83,0
DA:85,0
DA:88,0
DA:94,0
DA:96,0
DA:99,0
DA:105,0
DA:107,0
DA:110,0
LF:29
LH:0
BRDA:18,0,0,0
BRDA:18,0,1,0
BRDA:57,1,0,0
BRDA:70,2,0,0
BRDA:70,2,1,0
BRDA:75,3,0,0
BRDA:75,3,1,0
BRF:7
BRH:0
end_of_record
TN:
SF:src/components/Phonebook/hooks/useContactsQuery.ts
FN:9,(anonymous_0)
FN:19,(anonymous_1)
FNF:2
FNH:0
FNDA:0,(anonymous_0)
FNDA:0,(anonymous_1)
DA:7,0
DA:9,0
DA:10,0
DA:11,0
DA:12,0
DA:15,0
DA:19,0
DA:20,0
DA:24,0
LF:9
LH:0
BRDA:24,0,0,0
BRDA:24,0,1,0
BRF:2
BRH:0
end_of_record
TN:
SF:src/components/RefactoredCourse/Course.types.ts
FNF:0
FNH:0
LF:0
LH:0
BRF:0
BRH:0
end_of_record
TN:
SF:src/components/RefactoredCourse/RefactoredCourse.tsx
FN:9,(anonymous_0)
FN:59,(anonymous_1)
FNF:2
FNH:0
FNDA:0,(anonymous_0)
FNDA:0,(anonymous_1)
DA:9,0
DA:10,0
DA:55,0
DA:60,0
LF:4
LH:0
BRDA:58,0,0,0
BRDA:58,0,1,0
BRF:2
BRH:0
end_of_record
TN:
SF:src/components/RefactoredCourse/index.ts
FNF:0
FNH:0
LF:0
LH:0
BRF:0
BRH:0
end_of_record
TN:
SF:src/components/RefactoredCourse/Header/Header.styled.tsx
FNF:0
FNH:0
DA:3,0
LF:1
LH:0
BRF:0
BRH:0
end_of_record
TN:
SF:src/components/RefactoredCourse/Header/Header.tsx
FN:8,(anonymous_0)
FNF:1
FNH:0
FNDA:0,(anonymous_0)
DA:8,0
DA:9,0
LF:2
LH:0
BRDA:8,0,0,0
BRDA:13,1,0,0
BRDA:13,1,1,0
BRF:3
BRH:0
end_of_record
TN:
SF:src/components/RefactoredCourse/Header/index.ts
FNF:0
FNH:0
LF:0
LH:0
BRF:0
BRH:0
end_of_record
TN:
SF:src/components/RefactoredCourse/Part/Part.tsx
FN:8,(anonymous_0)
FNF:1
FNH:0
FNDA:0,(anonymous_0)
DA:8,0
DA:9,0
LF:2
LH:0
BRF:0
BRH:0
end_of_record
TN:
SF:src/components/RefactoredCourse/Part/index.ts
FNF:0
FNH:0
LF:0
LH:0
BRF:0
BRH:0
end_of_record
TN:
SF:src/components/RefactoredCourse/Parts/Parts.tsx
FN:9,(anonymous_0)
FN:12,(anonymous_1)
FNF:2
FNH:0
FNDA:0,(anonymous_0)
FNDA:0,(anonymous_1)
DA:9,0
DA:10,0
DA:13,0
LF:3
LH:0
BRF:0
BRH:0
end_of_record
TN:
SF:src/components/RefactoredCourse/Parts/index.ts
FNF:0
FNH:0
LF:0
LH:0
BRF:0
BRH:0
end_of_record
TN:
SF:src/components/RefactoredCourse/Totals/Totals.tsx
FN:11,(anonymous_0)
FN:13,(anonymous_1)
FN:16,(anonymous_2)
FNF:3
FNH:0
FNDA:0,(anonymous_0)
FNDA:0,(anonymous_1)
FNDA:0,(anonymous_2)
DA:11,0
DA:12,0
DA:14,0
DA:17,0
DA:22,0
LF:5
LH:0
BRDA:14,0,0,0
BRDA:14,0,1,0
BRF:2
BRH:0
end_of_record
TN:
SF:src/components/RefactoredCourse/Totals/index.ts
FNF:0
FNH:0
LF:0
LH:0
BRF:0
BRH:0
end_of_record
TN:
SF:src/components/Signup/Signup.styled.tsx
FNF:0
FNH:0
DA:4,0
DA:10,0
DA:19,0
LF:3
LH:0
BRF:0
BRH:0
end_of_record
TN:
SF:src/components/Signup/Signup.tsx
FN:8,(anonymous_0)
FN:13,(anonymous_1)
FNF:2
FNH:0
FNDA:0,(anonymous_0)
FNDA:0,(anonymous_1)
DA:8,0
DA:9,0
DA:10,0
DA:11,0
DA:13,0
DA:14,0
DA:15,0
DA:17,0
DA:18,0
DA:19,0
DA:22,0
DA:26,0
LF:12
LH:0
BRDA:17,0,0,0
BRDA:17,0,1,0
BRF:2
BRH:0
end_of_record
TN:
SF:src/components/Signup/index.ts
FNF:0
FNH:0
LF:0
LH:0
BRF:0
BRH:0
end_of_record
TN:
SF:src/components/Splash/Splash.styled.tsx
FNF:0
FNH:0
DA:4,0
LF:1
LH:0
BRF:0
BRH:0
end_of_record
TN:
SF:src/components/Splash/Splash.tsx
FN:5,(anonymous_0)
FNF:1
FNH:0
FNDA:0,(anonymous_0)
DA:5,0
DA:6,0
LF:2
LH:0
BRF:0
BRH:0
end_of_record
TN:
SF:src/components/Splash/index.ts
FNF:0
FNH:0
LF:0
LH:0
BRF:0
BRH:0
end_of_record
TN:
SF:src/components/UserProfile/UserProfile.styled.tsx
FNF:0
FNH:0
DA:4,0
DA:10,0
LF:2
LH:0
BRF:0
BRH:0
end_of_record
TN:
SF:src/components/UserProfile/UserProfile.tsx
FN:7,(anonymous_0)
FN:12,(anonymous_1)
FNF:2
FNH:0
FNDA:0,(anonymous_0)
FNDA:0,(anonymous_1)
DA:7,0
DA:8,0
DA:9,0
DA:10,0
DA:12,0
DA:13,0
DA:14,0
DA:17,0
DA:18,0
DA:19,0
DA:23,0
DA:25,0
DA:29,0
LF:13
LH:0
BRDA:13,0,0,0
BRDA:13,0,1,0
BRDA:33,1,0,0
BRDA:33,1,1,0
BRF:4
BRH:0
end_of_record
TN:
SF:src/components/UserProfile/index.ts
FNF:0
FNH:0
LF:0
LH:0
BRF:0
BRH:0
end_of_record
TN:
SF:src/components/common/index.ts
FNF:0
FNH:0
LF:0
LH:0
BRF:0
BRH:0
end_of_record
TN:
SF:src/components/common/AppLoader/AppLoader.styled.tsx
FNF:0
FNH:0
DA:4,2
DA:9,2
DA:13,2
DA:20,2
LF:4
LH:4
BRF:0
BRH:0
end_of_record
TN:
SF:src/components/common/AppLoader/AppLoader.tsx
FN:10,(anonymous_0)
FNF:1
FNH:0
FNDA:0,(anonymous_0)
DA:10,2
DA:11,0
LF:2
LH:1
BRDA:14,0,0,0
BRDA:14,0,1,0
BRF:2
BRH:0
end_of_record
TN:
SF:src/components/common/AppLoader/index.ts
FNF:0
FNH:0
LF:0
LH:0
BRF:0
BRH:0
end_of_record
TN:
SF:src/components/common/AppWrapper/AppWrapper.styled.tsx
FNF:0
FNH:0
DA:3,2
LF:1
LH:1
BRF:0
BRH:0
end_of_record
TN:
SF:src/components/common/AppWrapper/index.ts
FNF:0
FNH:0
LF:0
LH:0
BRF:0
BRH:0
end_of_record
TN:
SF:src/components/common/Banner/Banner.styled.tsx
FN:24,(anonymous_0)
FN:25,(anonymous_1)
FN:26,(anonymous_2)
FNF:3
FNH:0
FNDA:0,(anonymous_0)
FNDA:0,(anonymous_1)
FNDA:0,(anonymous_2)
DA:5,2
DA:12,2
DA:23,2
DA:24,0
DA:25,0
DA:26,0
DA:30,2
LF:7
LH:4
BRDA:24,0,0,0
BRDA:24,0,1,0
BRDA:25,1,0,0
BRDA:25,1,1,0
BRDA:26,2,0,0
BRDA:26,2,1,0
BRF:6
BRH:0
end_of_record
TN:
SF:src/components/common/Banner/Banner.tsx
FN:8,(anonymous_0)
FNF:1
FNH:0
FNDA:0,(anonymous_0)
DA:8,2
DA:9,0
LF:2
LH:1
BRF:0
BRH:0
end_of_record
TN:
SF:src/components/common/Banner/index.ts
FNF:0
FNH:0
LF:0
LH:0
BRF:0
BRH:0
end_of_record
TN:
SF:src/components/common/Box/Box.styled.tsx
FN:5,(anonymous_0)
FN:97,(anonymous_1)
FN:139,(anonymous_2)
FN:142,(anonymous_3)
FNF:4
FNH:4
FNDA:56,(anonymous_0)
FNDA:56,(anonymous_1)
FNDA:56,(anonymous_2)
FNDA:20,(anonymous_3)
DA:5,2
DA:6,56
DA:8,56
DA:9,9
DA:14,9
DA:15,9
DA:23,56
DA:24,0
DA:30,56
DA:31,0
DA:37,56
DA:38,0
DA:44,56
DA:45,0
DA:51,56
DA:52,0
DA:58,56
DA:59,0
DA:65,56
DA:66,0
DA:72,56
DA:73,0
DA:79,56
DA:80,0
DA:86,56
DA:87,0
DA:94,56
DA:97,2
DA:98,56
DA:100,56
DA:101,0
DA:107,56
DA:108,0
DA:114,56
DA:115,0
DA:121,56
DA:122,0
DA:128,56
DA:129,0
DA:136,56
DA:139,2
DA:140,56
DA:142,56
DA:143,20
DA:144,20
DA:147,56
DA:148,0
DA:156,56
DA:157,0
DA:164,56
DA:165,0
DA:172,56
DA:173,0
DA:179,56
DA:180,0
DA:186,56
DA:187,10
DA:193,56
DA:194,10
DA:200,56
DA:201,0
DA:208,56
DA:209,6
DA:217,56
DA:218,0
DA:225,56
DA:226,0
DA:233,56
DA:234,0
DA:240,56
DA:241,0
DA:247,56
DA:248,0
DA:254,56
DA:255,0
DA:261,56
DA:262,0
DA:268,56
DA:271,2
LF:79
LH:51
BRDA:8,0,0,9
BRDA:8,0,1,47
BRDA:14,1,0,9
BRDA:14,1,1,0
BRDA:23,2,0,0
BRDA:23,2,1,56
BRDA:30,3,0,0
BRDA:30,3,1,56
BRDA:37,4,0,0
BRDA:37,4,1,56
BRDA:44,5,0,0
BRDA:44,5,1,56
BRDA:51,6,0,0
BRDA:51,6,1,56
BRDA:58,7,0,0
BRDA:58,7,1,56
BRDA:65,8,0,0
BRDA:65,8,1,56
BRDA:72,9,0,0
BRDA:72,9,1,56
BRDA:79,10,0,0
BRDA:79,10,1,56
BRDA:86,11,0,0
BRDA:86,11,1,56
BRDA:100,12,0,0
BRDA:100,12,1,56
BRDA:107,13,0,0
BRDA:107,13,1,56
BRDA:110,14,0,0
BRDA:110,14,1,0
BRDA:114,15,0,0
BRDA:114,15,1,56
BRDA:117,16,0,0
BRDA:117,16,1,0
BRDA:121,17,0,0
BRDA:121,17,1,56
BRDA:124,18,0,0
BRDA:124,18,1,0
BRDA:128,19,0,0
BRDA:128,19,1,56
BRDA:131,20,0,0
BRDA:131,20,1,0
BRDA:143,21,0,0
BRDA:143,21,1,20
BRDA:147,22,0,0
BRDA:147,22,1,56
BRDA:150,23,0,0
BRDA:150,23,1,0
BRDA:156,24,0,0
BRDA:156,24,1,56
BRDA:164,25,0,0
BRDA:164,25,1,56
BRDA:172,26,0,0
BRDA:172,26,1,56
BRDA:179,27,0,0
BRDA:179,27,1,56
BRDA:186,28,0,10
BRDA:186,28,1,46
BRDA:193,29,0,10
BRDA:193,29,1,46
BRDA:200,30,0,0
BRDA:200,30,1,56
BRDA:208,31,0,6
BRDA:208,31,1,50
BRDA:211,32,0,0
BRDA:211,32,1,6
BRDA:217,33,0,0
BRDA:217,33,1,56
BRDA:225,34,0,0
BRDA:225,34,1,56
BRDA:233,35,0,0
BRDA:233,35,1,56
BRDA:240,36,0,0
BRDA:240,36,1,56
BRDA:247,37,0,0
BRDA:247,37,1,56
BRDA:254,38,0,0
BRDA:254,38,1,56
BRDA:261,39,0,0
BRDA:261,39,1,56
BRF:80
BRH:39
end_of_record
TN:
SF:src/components/common/Box/Box.types.ts
FNF:0
FNH:0
LF:0
LH:0
BRF:0
BRH:0
end_of_record
TN:
SF:src/components/common/Box/index.ts
FNF:0
FNH:0
LF:0
LH:0
BRF:0
BRH:0
end_of_record
TN:
SF:src/components/common/Button/Button.styled.tsx
FNF:0
FNH:0
DA:3,2
LF:1
LH:1
BRF:0
BRH:0
end_of_record
TN:
SF:src/components/common/Button/Button.tsx
FN:12,(anonymous_0)
FNF:1
FNH:1
FNDA:15,(anonymous_0)
DA:12,2
DA:19,15
LF:2
LH:2
BRDA:13,0,0,15
BRF:1
BRH:1
end_of_record
TN:
SF:src/components/common/Button/index.ts
FNF:0
FNH:0
LF:0
LH:0
BRF:0
BRH:0
end_of_record
TN:
SF:src/components/common/ErrorIcon/ErrorIcon.tsx
FN:9,(anonymous_0)
FNF:1
FNH:0
FNDA:0,(anonymous_0)
DA:9,2
DA:10,0
LF:2
LH:1
BRF:0
BRH:0
end_of_record
TN:
SF:src/components/common/ErrorIcon/index.ts
FNF:0
FNH:0
LF:0
LH:0
BRF:0
BRH:0
end_of_record
TN:
SF:src/components/common/Form/Form.tsx
FN:14,(anonymous_0)
FNF:1
FNH:0
FNDA:0,(anonymous_0)
DA:14,2
DA:21,0
DA:27,0
LF:3
LH:1
BRDA:16,0,0,0
BRDA:32,1,0,0
BRDA:32,1,1,0
BRDA:32,1,2,0
BRF:4
BRH:0
end_of_record
TN:
SF:src/components/common/Form/index.ts
FNF:0
FNH:0
LF:0
LH:0
BRF:0
BRH:0
end_of_record
TN:
SF:src/components/common/FormControl/FormControl.styled.tsx
FNF:0
FNH:0
DA:4,2
DA:6,2
DA:11,2
DA:16,2
DA:27,2
DA:31,2
LF:6
LH:6
BRF:0
BRH:0
end_of_record
TN:
SF:src/components/common/FormControl/FormControl.tsx
FN:18,(anonymous_0)
FNF:1
FNH:0
FNDA:0,(anonymous_0)
DA:18,2
DA:32,0
DA:34,0
LF:3
LH:1
BRDA:22,0,0,0
BRDA:23,1,0,0
BRDA:24,2,0,0
BRDA:42,3,0,0
BRDA:42,3,1,0
BRDA:42,4,0,0
BRDA:42,4,1,0
BRDA:55,5,0,0
BRDA:55,5,1,0
BRDA:55,5,2,0
BRDA:57,6,0,0
BRDA:57,6,1,0
BRDA:59,7,0,0
BRDA:59,7,1,0
BRF:14
BRH:0
end_of_record
TN:
SF:src/components/common/FormControl/index.ts
FNF:0
FNH:0
LF:0
LH:0
BRF:0
BRH:0
end_of_record
TN:
SF:src/components/common/FormStateWatcher/FormStateWatcher.tsx
FN:10,(anonymous_0)
FN:17,(anonymous_1)
FN:21,(anonymous_2)
FNF:3
FNH:0
FNDA:0,(anonymous_0)
FNDA:0,(anonymous_1)
FNDA:0,(anonymous_2)
DA:10,2
DA:14,0
DA:17,0
DA:18,0
DA:21,0
DA:22,0
DA:23,0
DA:27,0
LF:8
LH:1
BRDA:22,0,0,0
BRDA:22,0,1,0
BRDA:22,1,0,0
BRDA:22,1,1,0
BRF:4
BRH:0
end_of_record
TN:
SF:src/components/common/FormStateWatcher/index.ts
FNF:0
FNH:0
LF:0
LH:0
BRF:0
BRH:0
end_of_record
TN:
SF:src/components/common/FormSubmitButton/FormSubmitButton.tsx
FN:10,(anonymous_0)
FNF:1
FNH:0
FNDA:0,(anonymous_0)
DA:10,2
DA:11,0
DA:13,0
LF:3
LH:1
BRDA:14,0,0,0
BRDA:14,0,1,0
BRDA:15,1,0,0
BRDA:15,1,1,0
BRF:4
BRH:0
end_of_record
TN:
SF:src/components/common/FormSubmitButton/index.ts
FNF:0
FNH:0
LF:0
LH:0
BRF:0
BRH:0
end_of_record
TN:
SF:src/components/common/GlobalStyles/GlobalStyles.styled.tsx
FNF:0
FNH:0
DA:3,2
LF:1
LH:1
BRF:0
BRH:0
end_of_record
TN:
SF:src/components/common/GlobalStyles/index.ts
FNF:0
FNH:0
LF:0
LH:0
BRF:0
BRH:0
end_of_record
TN:
SF:src/components/common/HR/HR.styled.tsx
FNF:0
FNH:0
DA:3,2
LF:1
LH:1
BRF:0
BRH:0
end_of_record
TN:
SF:src/components/common/HR/index.ts
FNF:0
FNH:0
LF:0
LH:0
BRF:0
BRH:0
end_of_record
TN:
SF:src/components/common/Heading/Heading.styled.tsx
FNF:0
FNH:0
DA:8,2
DA:10,2
LF:2
LH:2
BRF:0
BRH:0
end_of_record
TN:
SF:src/components/common/Heading/index.ts
FNF:0
FNH:0
LF:0
LH:0
BRF:0
BRH:0
end_of_record
TN:
SF:src/components/common/Icon/Icon.styled.tsx
FN:23,(anonymous_0)
FN:24,(anonymous_1)
FN:25,(anonymous_2)
FN:26,(anonymous_3)
FNF:4
FNH:0
FNDA:0,(anonymous_0)
FNDA:0,(anonymous_1)
FNDA:0,(anonymous_2)
FNDA:0,(anonymous_3)
DA:5,2
DA:18,2
DA:23,0
DA:24,0
DA:25,0
DA:26,0
DA:29,2
LF:7
LH:3
BRDA:24,0,0,0
BRDA:24,0,1,0
BRF:2
BRH:0
end_of_record
TN:
SF:src/components/common/Icon/Icon.tsx
FN:11,(anonymous_0)
FNF:1
FNH:0
FNDA:0,(anonymous_0)
DA:11,2
DA:12,0
LF:2
LH:1
BRDA:11,0,0,0
BRF:1
BRH:0
end_of_record
TN:
SF:src/components/common/Icon/index.ts
FNF:0
FNH:0
LF:0
LH:0
BRF:0
BRH:0
end_of_record
TN:
SF:src/components/common/Image/Image.styled.tsx
FNF:0
FNH:0
DA:3,2
LF:1
LH:1
BRF:0
BRH:0
end_of_record
TN:
SF:src/components/common/Image/Image.tsx
FN:8,(anonymous_0)
FNF:1
FNH:0
FNDA:0,(anonymous_0)
DA:8,2
DA:9,0
LF:2
LH:1
BRF:0
BRH:0
end_of_record
TN:
SF:src/components/common/Image/index.ts
FNF:0
FNH:0
LF:0
LH:0
BRF:0
BRH:0
end_of_record
TN:
SF:src/components/common/List/List.styled.tsx
FNF:0
FNH:0
DA:4,2
LF:1
LH:1
BRF:0
BRH:0
end_of_record
TN:
SF:src/components/common/List/ListItem.styled.tsx
FNF:0
FNH:0
DA:4,2
LF:1
LH:1
BRF:0
BRH:0
end_of_record
TN:
SF:src/components/common/List/index.ts
FNF:0
FNH:0
LF:0
LH:0
BRF:0
BRH:0
end_of_record
TN:
SF:src/components/common/Loader/Loader.tsx
FN:30,(anonymous_0)
FNF:1
FNH:0
FNDA:0,(anonymous_0)
DA:6,2
DA:12,2
DA:19,2
DA:30,2
DA:31,0
LF:5
LH:4
BRF:0
BRH:0
end_of_record
TN:
SF:src/components/common/Loader/index.ts
FNF:0
FNH:0
LF:0
LH:0
BRF:0
BRH:0
end_of_record
TN:
SF:src/components/common/LoaderDisc/LoaderDisc.styled.tsx
FN:74,(anonymous_0)
FNF:1
FNH:0
FNDA:0,(anonymous_0)
DA:4,2
DA:8,2
DA:16,2
DA:25,2
DA:34,2
DA:47,2
DA:61,2
DA:67,2
DA:74,2
DA:75,0
LF:10
LH:9
BRF:0
BRH:0
end_of_record
TN:
SF:src/components/common/LoaderDisc/index.ts
FNF:0
FNH:0
LF:0
LH:0
BRF:0
BRH:0
end_of_record
TN:
SF:src/components/common/NavButton/NavButton.tsx
FN:10,(anonymous_0)
FN:13,(anonymous_1)
FNF:2
FNH:0
FNDA:0,(anonymous_0)
FNDA:0,(anonymous_1)
DA:10,2
DA:11,0
DA:13,0
DA:14,0
DA:16,0
LF:5
LH:1
BRDA:10,0,0,0
BRDA:10,1,0,0
BRF:2
BRH:0
end_of_record
TN:
SF:src/components/common/NavButton/index.ts
FNF:0
FNH:0
LF:0
LH:0
BRF:0
BRH:0
end_of_record
TN:
SF:src/components/common/Overflow/Overflow.styled.tsx
FNF:0
FNH:0
DA:3,2
DA:8,2
LF:2
LH:2
BRF:0
BRH:0
end_of_record
TN:
SF:src/components/common/Overflow/index.ts
FNF:0
FNH:0
LF:0
LH:0
BRF:0
BRH:0
end_of_record
TN:
SF:src/components/common/SortByButton/SortByButton.tsx
FN:10,(anonymous_0)
FNF:1
FNH:0
FNDA:0,(anonymous_0)
DA:10,2
DA:11,0
LF:2
LH:1
BRDA:10,0,0,0
BRDA:13,1,0,0
BRDA:13,1,1,0
BRF:3
BRH:0
end_of_record
TN:
SF:src/components/common/SortByButton/index.ts
FNF:0
FNH:0
LF:0
LH:0
BRF:0
BRH:0
end_of_record
TN:
SF:src/components/common/Spacer/Spacer.styled.tsx
FNF:0
FNH:0
DA:3,2
LF:1
LH:1
BRF:0
BRH:0
end_of_record
TN:
SF:src/components/common/Spacer/index.ts
FNF:0
FNH:0
LF:0
LH:0
BRF:0
BRH:0
end_of_record
TN:
SF:src/components/common/SuccessIcon/SuccessIcon.tsx
FN:9,(anonymous_0)
FNF:1
FNH:0
FNDA:0,(anonymous_0)
DA:9,2
DA:10,0
LF:2
LH:1
BRF:0
BRH:0
end_of_record
TN:
SF:src/components/common/SuccessIcon/index.ts
FNF:0
FNH:0
LF:0
LH:0
BRF:0
BRH:0
end_of_record
TN:
SF:src/components/common/Togglable/Togglable.tsx
FN:12,(anonymous_0)
FN:23,(anonymous_1)
FN:24,(anonymous_2)
FN:29,(anonymous_3)
FN:37,(anonymous_4)
FNF:5
FNH:0
FNDA:0,(anonymous_0)
FNDA:0,(anonymous_1)
FNDA:0,(anonymous_2)
FNDA:0,(anonymous_3)
FNDA:0,(anonymous_4)
DA:11,2
DA:21,0
DA:23,0
DA:24,0
DA:25,0
DA:29,0
DA:34,0
DA:37,0
LF:8
LH:1
BRDA:14,0,0,0
BRDA:15,1,0,0
BRDA:16,2,0,0
BRDA:25,3,0,0
BRDA:25,3,1,0
BRDA:25,4,0,0
BRDA:25,4,1,0
BRDA:38,5,0,0
BRDA:38,5,1,0
BRDA:42,6,0,0
BRDA:42,6,1,0
BRF:11
BRH:0
end_of_record
TN:
SF:src/components/common/Togglable/index.ts
FNF:0
FNH:0
LF:0
LH:0
BRF:0
BRH:0
end_of_record
TN:
SF:src/components/common/WarningIcon/WarningIcon.tsx
FN:9,(anonymous_0)
FNF:1
FNH:0
FNDA:0,(anonymous_0)
DA:9,2
DA:10,0
LF:2
LH:1
BRF:0
BRH:0
end_of_record
TN:
SF:src/components/common/WarningIcon/index.ts
FNF:0
FNH:0
LF:0
LH:0
BRF:0
BRH:0
end_of_record
TN:
SF:src/hooks/index.ts
FNF:0
FNH:0
LF:0
LH:0
BRF:0
BRH:0
end_of_record
TN:
SF:src/hooks/useHooks.ts
FNF:0
FNH:0
LF:0
LH:0
BRF:0
BRH:0
end_of_record
TN:
SF:src/routes/Anecdotes.route.tsx
FN:4,(anonymous_0)
FNF:1
FNH:0
FNDA:0,(anonymous_0)
DA:4,0
DA:5,0
LF:2
LH:0
BRF:0
BRH:0
end_of_record
TN:
SF:src/routes/Blogs.route.tsx
FN:4,(anonymous_0)
FNF:1
FNH:0
FNDA:0,(anonymous_0)
DA:4,0
DA:5,0
LF:2
LH:0
BRF:0
BRH:0
end_of_record
TN:
SF:src/routes/CountrySearch.route.tsx
FN:4,(anonymous_0)
FNF:1
FNH:0
FNDA:0,(anonymous_0)
DA:4,0
DA:5,0
LF:2
LH:0
BRF:0
BRH:0
end_of_record
TN:
SF:src/routes/Course.route.tsx
FN:4,(anonymous_0)
FNF:1
FNH:0
FNDA:0,(anonymous_0)
DA:4,0
DA:5,0
LF:2
LH:0
BRF:0
BRH:0
end_of_record
TN:
SF:src/routes/Feedback.route.tsx
FN:4,(anonymous_0)
FNF:1
FNH:0
FNDA:0,(anonymous_0)
DA:4,0
DA:5,0
LF:2
LH:0
BRF:0
BRH:0
end_of_record
TN:
SF:src/routes/Home.route.tsx
FN:4,(anonymous_0)
FNF:1
FNH:0
FNDA:0,(anonymous_0)
DA:4,0
DA:5,0
LF:2
LH:0
BRF:0
BRH:0
end_of_record
TN:
SF:src/routes/Login.route.tsx
FN:4,(anonymous_0)
FNF:1
FNH:0
FNDA:0,(anonymous_0)
DA:4,0
DA:5,0
LF:2
LH:0
BRF:0
BRH:0
end_of_record
TN:
SF:src/routes/NotFound.route.tsx
FN:4,(anonymous_0)
FNF:1
FNH:0
FNDA:0,(anonymous_0)
DA:4,0
DA:5,0
LF:2
LH:0
BRF:0
BRH:0
end_of_record
TN:
SF:src/routes/Phonebook.route.tsx
FN:4,(anonymous_0)
FNF:1
FNH:0
FNDA:0,(anonymous_0)
DA:4,0
DA:5,0
LF:2
LH:0
BRF:0
BRH:0
end_of_record
TN:
SF:src/routes/RefactoredCourse.route.tsx
FN:4,(anonymous_0)
FNF:1
FNH:0
FNDA:0,(anonymous_0)
DA:4,0
DA:5,0
LF:2
LH:0
BRF:0
BRH:0
end_of_record
TN:
SF:src/routes/Signup.route.tsx
FN:4,(anonymous_0)
FNF:1
FNH:0
FNDA:0,(anonymous_0)
DA:4,0
DA:5,0
LF:2
LH:0
BRF:0
BRH:0
end_of_record
TN:
SF:src/routes/Splash.route.tsx
FN:5,(anonymous_0)
FNF:1
FNH:0
FNDA:0,(anonymous_0)
DA:5,0
DA:6,0
LF:2
LH:0
BRF:0
BRH:0
end_of_record
TN:
SF:src/routes/UserProfile.route.tsx
FN:4,(anonymous_0)
FNF:1
FNH:0
FNDA:0,(anonymous_0)
DA:4,0
DA:5,0
LF:2
LH:0
BRF:0
BRH:0
end_of_record
TN:
SF:src/routes/index.ts
FNF:0
FNH:0
LF:0
LH:0
BRF:0
BRH:0
end_of_record
TN:
SF:src/utils/styled/index.ts
FNF:0
FNH:0
LF:0
LH:0
BRF:0
BRH:0
end_of_record
TN:
SF:src/utils/styled/styled.utils.ts
FNF:0
FNH:0
DA:3,2
LF:1
LH:1
BRF:0
BRH:0
end_of_record
